<?xml version="1.0" encoding="UTF-8"?>
<coverage generated="1778608360008" clover="3.2.0">
  <project timestamp="1778608360008" name="All files">
    <metrics statements="887" coveredstatements="793" conditionals="292" coveredconditionals="259" methods="58" coveredmethods="57" elements="1237" coveredelements="1109" complexity="0" loc="887" ncloc="887" packages="7" files="23" classes="23"/>
    <package name="src">
      <metrics statements="75" coveredstatements="0" conditionals="1" coveredconditionals="0" methods="1" coveredmethods="0"/>
      <file name="main.ts" path="/Users/joesmith/Code/bats/src/main.ts">
        <metrics statements="75" coveredstatements="0" conditionals="1" coveredconditionals="0" methods="1" coveredmethods="0"/>
        <line num="1" count="0" type="cond" truecount="0" falsecount="1"/>
        <line num="4" count="0" type="stmt"/>
        <line num="6" count="0" type="stmt"/>
        <line num="7" count="0" type="stmt"/>
        <line num="8" count="0" type="stmt"/>
        <line num="10" count="0" type="stmt"/>
        <line num="11" count="0" type="stmt"/>
        <line num="12" count="0" type="stmt"/>
        <line num="13" count="0" type="stmt"/>
        <line num="14" count="0" type="stmt"/>
        <line num="15" count="0" type="stmt"/>
        <line num="16" count="0" type="stmt"/>
        <line num="17" count="0" type="stmt"/>
        <line num="18" count="0" type="stmt"/>
        <line num="19" count="0" type="stmt"/>
        <line num="20" count="0" type="stmt"/>
        <line num="21" count="0" type="stmt"/>
        <line num="22" count="0" type="stmt"/>
        <line num="23" count="0" type="stmt"/>
        <line num="24" count="0" type="stmt"/>
        <line num="25" count="0" type="stmt"/>
        <line num="26" count="0" type="stmt"/>
        <line num="28" count="0" type="stmt"/>
        <line num="29" count="0" type="stmt"/>
        <line num="30" count="0" type="stmt"/>
        <line num="31" count="0" type="stmt"/>
        <line num="32" count="0" type="stmt"/>
        <line num="33" count="0" type="stmt"/>
        <line num="34" count="0" type="stmt"/>
        <line num="35" count="0" type="stmt"/>
        <line num="36" count="0" type="stmt"/>
        <line num="37" count="0" type="stmt"/>
        <line num="38" count="0" type="stmt"/>
        <line num="40" count="0" type="stmt"/>
        <line num="41" count="0" type="stmt"/>
        <line num="42" count="0" type="stmt"/>
        <line num="45" count="0" type="stmt"/>
        <line num="46" count="0" type="stmt"/>
        <line num="49" count="0" type="stmt"/>
        <line num="50" count="0" type="stmt"/>
        <line num="51" count="0" type="stmt"/>
        <line num="52" count="0" type="stmt"/>
        <line num="54" count="0" type="stmt"/>
        <line num="55" count="0" type="stmt"/>
        <line num="56" count="0" type="stmt"/>
        <line num="57" count="0" type="stmt"/>
        <line num="58" count="0" type="stmt"/>
        <line num="59" count="0" type="stmt"/>
        <line num="60" count="0" type="stmt"/>
        <line num="61" count="0" type="stmt"/>
        <line num="62" count="0" type="stmt"/>
        <line num="63" count="0" type="stmt"/>
        <line num="64" count="0" type="stmt"/>
        <line num="65" count="0" type="stmt"/>
        <line num="66" count="0" type="stmt"/>
        <line num="67" count="0" type="stmt"/>
        <line num="68" count="0" type="stmt"/>
        <line num="69" count="0" type="stmt"/>
        <line num="72" count="0" type="stmt"/>
        <line num="73" count="0" type="stmt"/>
        <line num="74" count="0" type="stmt"/>
        <line num="75" count="0" type="stmt"/>
        <line num="76" count="0" type="stmt"/>
        <line num="77" count="0" type="stmt"/>
        <line num="79" count="0" type="stmt"/>
        <line num="80" count="0" type="stmt"/>
        <line num="81" count="0" type="stmt"/>
        <line num="82" count="0" type="stmt"/>
        <line num="83" count="0" type="stmt"/>
        <line num="84" count="0" type="stmt"/>
        <line num="85" count="0" type="stmt"/>
        <line num="86" count="0" type="stmt"/>
        <line num="87" count="0" type="stmt"/>
        <line num="88" count="0" type="stmt"/>
        <line num="90" count="0" type="stmt"/>
      </file>
    </package>
    <package name="src.engine">
      <metrics statements="121" coveredstatements="121" conditionals="0" coveredconditionals="0" methods="0" coveredmethods="0"/>
      <file name="data-inline.ts" path="/Users/joesmith/Code/bats/src/engine/data-inline.ts">
        <metrics statements="121" coveredstatements="121" conditionals="0" coveredconditionals="0" methods="0" coveredmethods="0"/>
        <line num="23" count="1" type="stmt"/>
        <line num="24" count="1" type="stmt"/>
        <line num="25" count="1" type="stmt"/>
        <line num="26" count="1" type="stmt"/>
        <line num="27" count="1" type="stmt"/>
        <line num="28" count="1" type="stmt"/>
        <line num="29" count="1" type="stmt"/>
        <line num="30" count="1" type="stmt"/>
        <line num="31" count="1" type="stmt"/>
        <line num="32" count="1" type="stmt"/>
        <line num="33" count="1" type="stmt"/>
        <line num="34" count="1" type="stmt"/>
        <line num="35" count="1" type="stmt"/>
        <line num="36" count="1" type="stmt"/>
        <line num="37" count="1" type="stmt"/>
        <line num="38" count="1" type="stmt"/>
        <line num="39" count="1" type="stmt"/>
        <line num="40" count="1" type="stmt"/>
        <line num="41" count="1" type="stmt"/>
        <line num="42" count="1" type="stmt"/>
        <line num="43" count="1" type="stmt"/>
        <line num="44" count="1" type="stmt"/>
        <line num="45" count="1" type="stmt"/>
        <line num="46" count="1" type="stmt"/>
        <line num="47" count="1" type="stmt"/>
        <line num="48" count="1" type="stmt"/>
        <line num="49" count="1" type="stmt"/>
        <line num="50" count="1" type="stmt"/>
        <line num="51" count="1" type="stmt"/>
        <line num="52" count="1" type="stmt"/>
        <line num="53" count="1" type="stmt"/>
        <line num="54" count="1" type="stmt"/>
        <line num="55" count="1" type="stmt"/>
        <line num="56" count="1" type="stmt"/>
        <line num="57" count="1" type="stmt"/>
        <line num="58" count="1" type="stmt"/>
        <line num="59" count="1" type="stmt"/>
        <line num="60" count="1" type="stmt"/>
        <line num="61" count="1" type="stmt"/>
        <line num="62" count="1" type="stmt"/>
        <line num="63" count="1" type="stmt"/>
        <line num="64" count="1" type="stmt"/>
        <line num="65" count="1" type="stmt"/>
        <line num="66" count="1" type="stmt"/>
        <line num="67" count="1" type="stmt"/>
        <line num="68" count="1" type="stmt"/>
        <line num="69" count="1" type="stmt"/>
        <line num="77" count="1" type="stmt"/>
        <line num="78" count="1" type="stmt"/>
        <line num="79" count="1" type="stmt"/>
        <line num="80" count="1" type="stmt"/>
        <line num="81" count="1" type="stmt"/>
        <line num="82" count="1" type="stmt"/>
        <line num="83" count="1" type="stmt"/>
        <line num="84" count="1" type="stmt"/>
        <line num="85" count="1" type="stmt"/>
        <line num="86" count="1" type="stmt"/>
        <line num="87" count="1" type="stmt"/>
        <line num="88" count="1" type="stmt"/>
        <line num="89" count="1" type="stmt"/>
        <line num="90" count="1" type="stmt"/>
        <line num="91" count="1" type="stmt"/>
        <line num="92" count="1" type="stmt"/>
        <line num="93" count="1" type="stmt"/>
        <line num="94" count="1" type="stmt"/>
        <line num="95" count="1" type="stmt"/>
        <line num="96" count="1" type="stmt"/>
        <line num="97" count="1" type="stmt"/>
        <line num="98" count="1" type="stmt"/>
        <line num="99" count="1" type="stmt"/>
        <line num="100" count="1" type="stmt"/>
        <line num="101" count="1" type="stmt"/>
        <line num="102" count="1" type="stmt"/>
        <line num="103" count="1" type="stmt"/>
        <line num="104" count="1" type="stmt"/>
        <line num="105" count="1" type="stmt"/>
        <line num="106" count="1" type="stmt"/>
        <line num="107" count="1" type="stmt"/>
        <line num="108" count="1" type="stmt"/>
        <line num="109" count="1" type="stmt"/>
        <line num="110" count="1" type="stmt"/>
        <line num="116" count="1" type="stmt"/>
        <line num="117" count="1" type="stmt"/>
        <line num="118" count="1" type="stmt"/>
        <line num="119" count="1" type="stmt"/>
        <line num="120" count="1" type="stmt"/>
        <line num="121" count="1" type="stmt"/>
        <line num="122" count="1" type="stmt"/>
        <line num="123" count="1" type="stmt"/>
        <line num="124" count="1" type="stmt"/>
        <line num="125" count="1" type="stmt"/>
        <line num="126" count="1" type="stmt"/>
        <line num="127" count="1" type="stmt"/>
        <line num="128" count="1" type="stmt"/>
        <line num="129" count="1" type="stmt"/>
        <line num="130" count="1" type="stmt"/>
        <line num="131" count="1" type="stmt"/>
        <line num="132" count="1" type="stmt"/>
        <line num="133" count="1" type="stmt"/>
        <line num="134" count="1" type="stmt"/>
        <line num="135" count="1" type="stmt"/>
        <line num="136" count="1" type="stmt"/>
        <line num="137" count="1" type="stmt"/>
        <line num="138" count="1" type="stmt"/>
        <line num="139" count="1" type="stmt"/>
        <line num="140" count="1" type="stmt"/>
        <line num="141" count="1" type="stmt"/>
        <line num="142" count="1" type="stmt"/>
        <line num="143" count="1" type="stmt"/>
        <line num="144" count="1" type="stmt"/>
        <line num="145" count="1" type="stmt"/>
        <line num="146" count="1" type="stmt"/>
        <line num="147" count="1" type="stmt"/>
        <line num="148" count="1" type="stmt"/>
        <line num="149" count="1" type="stmt"/>
        <line num="150" count="1" type="stmt"/>
        <line num="151" count="1" type="stmt"/>
        <line num="152" count="1" type="stmt"/>
        <line num="155" count="1" type="stmt"/>
        <line num="156" count="1" type="stmt"/>
        <line num="159" count="1" type="stmt"/>
      </file>
    </package>
    <package name="src.engine.ai">
      <metrics statements="5" coveredstatements="0" conditionals="5" coveredconditionals="5" methods="5" coveredmethods="5"/>
      <file name="random.ts" path="/Users/joesmith/Code/bats/src/engine/ai/random.ts">
        <metrics statements="1" coveredstatements="0" conditionals="1" coveredconditionals="1" methods="1" coveredmethods="1"/>
        <line num="2" count="0" type="stmt"/>
      </file>
      <file name="roles.ts" path="/Users/joesmith/Code/bats/src/engine/ai/roles.ts">
        <metrics statements="1" coveredstatements="0" conditionals="1" coveredconditionals="1" methods="1" coveredmethods="1"/>
        <line num="2" count="0" type="stmt"/>
      </file>
      <file name="threatMap.ts" path="/Users/joesmith/Code/bats/src/engine/ai/threatMap.ts">
        <metrics statements="1" coveredstatements="0" conditionals="1" coveredconditionals="1" methods="1" coveredmethods="1"/>
        <line num="2" count="0" type="stmt"/>
      </file>
      <file name="types.ts" path="/Users/joesmith/Code/bats/src/engine/ai/types.ts">
        <metrics statements="1" coveredstatements="0" conditionals="1" coveredconditionals="1" methods="1" coveredmethods="1"/>
        <line num="2" count="0" type="stmt"/>
      </file>
      <file name="utility.ts" path="/Users/joesmith/Code/bats/src/engine/ai/utility.ts">
        <metrics statements="1" coveredstatements="0" conditionals="1" coveredconditionals="1" methods="1" coveredmethods="1"/>
        <line num="2" count="0" type="stmt"/>
      </file>
    </package>
    <package name="src.engine.core">
      <metrics statements="380" coveredstatements="374" conditionals="176" coveredconditionals="155" methods="31" coveredmethods="31"/>
      <file name="initial-state.ts" path="/Users/joesmith/Code/bats/src/engine/core/initial-state.ts">
        <metrics statements="65" coveredstatements="65" conditionals="28" coveredconditionals="28" methods="1" coveredmethods="1"/>
        <line num="42" count="1" type="cond" truecount="1" falsecount="0"/>
        <line num="43" count="125" type="cond" truecount="1" falsecount="0"/>
        <line num="44" count="125" type="stmt"/>
        <line num="45" count="125" type="cond" truecount="1" falsecount="0"/>
        <line num="46" count="155" type="stmt"/>
        <line num="47" count="155" type="cond" truecount="1" falsecount="0"/>
        <line num="48" count="627" type="stmt"/>
        <line num="49" count="627" type="stmt"/>
        <line num="50" count="155" type="stmt"/>
        <line num="51" count="155" type="stmt"/>
        <line num="54" count="125" type="cond" truecount="1" falsecount="0"/>
        <line num="55" count="248" type="stmt"/>
        <line num="56" count="248" type="cond" truecount="2" falsecount="0"/>
        <line num="57" count="248" type="cond" truecount="2" falsecount="0"/>
        <line num="58" count="1" type="stmt"/>
        <line num="59" count="1" type="cond" truecount="1" falsecount="0"/>
        <line num="60" count="246" type="stmt"/>
        <line num="61" count="246" type="cond" truecount="1" falsecount="0"/>
        <line num="64" count="125" type="cond" truecount="2" falsecount="0"/>
        <line num="65" count="57" type="stmt"/>
        <line num="66" count="57" type="cond" truecount="2" falsecount="0"/>
        <line num="67" count="57" type="cond" truecount="1" falsecount="0"/>
        <line num="68" count="1" type="stmt"/>
        <line num="69" count="1" type="cond" truecount="1" falsecount="0"/>
        <line num="70" count="57" type="cond" truecount="1" falsecount="0"/>
        <line num="71" count="57" type="cond" truecount="1" falsecount="0"/>
        <line num="73" count="121" type="stmt"/>
        <line num="74" count="121" type="stmt"/>
        <line num="75" count="125" type="cond" truecount="2" falsecount="0"/>
        <line num="76" count="210" type="stmt"/>
        <line num="77" count="210" type="stmt"/>
        <line num="78" count="210" type="stmt"/>
        <line num="79" count="210" type="stmt"/>
        <line num="80" count="210" type="stmt"/>
        <line num="81" count="210" type="stmt"/>
        <line num="82" count="210" type="cond" truecount="1" falsecount="0"/>
        <line num="83" count="210" type="stmt"/>
        <line num="84" count="210" type="stmt"/>
        <line num="85" count="210" type="stmt"/>
        <line num="86" count="210" type="stmt"/>
        <line num="87" count="210" type="cond" truecount="1" falsecount="0"/>
        <line num="89" count="121" type="stmt"/>
        <line num="90" count="121" type="cond" truecount="1" falsecount="0"/>
        <line num="91" count="242" type="stmt"/>
        <line num="92" count="242" type="cond" truecount="2" falsecount="0"/>
        <line num="93" count="242" type="stmt"/>
        <line num="94" count="242" type="stmt"/>
        <line num="95" count="242" type="stmt"/>
        <line num="96" count="242" type="stmt"/>
        <line num="97" count="121" type="stmt"/>
        <line num="98" count="121" type="stmt"/>
        <line num="101" count="125" type="cond" truecount="1" falsecount="0"/>
        <line num="102" count="1" type="stmt"/>
        <line num="103" count="1" type="cond" truecount="1" falsecount="0"/>
        <line num="105" count="120" type="stmt"/>
        <line num="106" count="120" type="stmt"/>
        <line num="107" count="120" type="stmt"/>
        <line num="108" count="120" type="stmt"/>
        <line num="109" count="120" type="stmt"/>
        <line num="110" count="120" type="stmt"/>
        <line num="111" count="120" type="stmt"/>
        <line num="112" count="120" type="stmt"/>
        <line num="113" count="120" type="stmt"/>
        <line num="114" count="120" type="stmt"/>
        <line num="115" count="120" type="stmt"/>
      </file>
      <file name="logger.ts" path="/Users/joesmith/Code/bats/src/engine/core/logger.ts">
        <metrics statements="16" coveredstatements="13" conditionals="4" coveredconditionals="3" methods="3" coveredmethods="3"/>
        <line num="14" count="1" type="stmt"/>
        <line num="15" count="1" type="stmt"/>
        <line num="16" count="1" type="stmt"/>
        <line num="17" count="1" type="stmt"/>
        <line num="18" count="1" type="stmt"/>
        <line num="20" count="1" type="cond" truecount="1" falsecount="0"/>
        <line num="21" count="51" type="stmt"/>
        <line num="22" count="51" type="stmt"/>
        <line num="24" count="1" type="cond" truecount="1" falsecount="0"/>
        <line num="25" count="2" type="stmt"/>
        <line num="26" count="2" type="stmt"/>
        <line num="28" count="1" type="cond" truecount="1" falsecount="0"/>
        <line num="29" count="429" type="cond" truecount="0" falsecount="1"/>
        <line num="30" count="0" type="stmt"/>
        <line num="31" count="0" type="stmt"/>
        <line num="32" count="0" type="stmt"/>
      </file>
      <file name="reducer.ts" path="/Users/joesmith/Code/bats/src/engine/core/reducer.ts">
        <metrics statements="137" coveredstatements="134" conditionals="40" coveredconditionals="34" methods="7" coveredmethods="7"/>
        <line num="1" count="1" type="stmt"/>
        <line num="38" count="1" type="cond" truecount="1" falsecount="0"/>
        <line num="39" count="165" type="stmt"/>
        <line num="40" count="165" type="cond" truecount="1" falsecount="0"/>
        <line num="41" count="10" type="stmt"/>
        <line num="42" count="10" type="stmt"/>
        <line num="43" count="10" type="cond" truecount="1" falsecount="0"/>
        <line num="44" count="155" type="stmt"/>
        <line num="45" count="165" type="cond" truecount="2" falsecount="0"/>
        <line num="46" count="39" type="stmt"/>
        <line num="47" count="39" type="stmt"/>
        <line num="48" count="39" type="cond" truecount="1" falsecount="0"/>
        <line num="50" count="115" type="stmt"/>
        <line num="52" count="115" type="stmt"/>
        <line num="53" count="165" type="cond" truecount="1" falsecount="0"/>
        <line num="54" count="16" type="stmt"/>
        <line num="55" count="16" type="stmt"/>
        <line num="56" count="165" type="cond" truecount="1" falsecount="0"/>
        <line num="57" count="16" type="stmt"/>
        <line num="58" count="16" type="stmt"/>
        <line num="59" count="165" type="cond" truecount="1" falsecount="0"/>
        <line num="60" count="22" type="stmt"/>
        <line num="61" count="22" type="stmt"/>
        <line num="62" count="165" type="cond" truecount="1" falsecount="0"/>
        <line num="63" count="14" type="stmt"/>
        <line num="64" count="14" type="stmt"/>
        <line num="65" count="165" type="cond" truecount="1" falsecount="0"/>
        <line num="66" count="6" type="stmt"/>
        <line num="67" count="6" type="stmt"/>
        <line num="68" count="165" type="cond" truecount="1" falsecount="0"/>
        <line num="69" count="41" type="stmt"/>
        <line num="70" count="41" type="stmt"/>
        <line num="71" count="165" type="cond" truecount="2" falsecount="0"/>
        <line num="74" count="115" type="stmt"/>
        <line num="75" count="165" type="cond" truecount="3" falsecount="0"/>
        <line num="76" count="16" type="stmt"/>
        <line num="77" count="16" type="stmt"/>
        <line num="78" count="16" type="cond" truecount="1" falsecount="0"/>
        <line num="79" count="115" type="stmt"/>
        <line num="80" count="115" type="stmt"/>
        <line num="82" count="16" type="cond" truecount="1" falsecount="0"/>
        <line num="83" count="16" type="stmt"/>
        <line num="84" count="16" type="stmt"/>
        <line num="85" count="16" type="stmt"/>
        <line num="86" count="16" type="stmt"/>
        <line num="87" count="16" type="cond" truecount="0" falsecount="1"/>
        <line num="88" count="16" type="stmt"/>
        <line num="89" count="16" type="cond" truecount="0" falsecount="1"/>
        <line num="91" count="0" type="stmt"/>
        <line num="92" count="0" type="stmt"/>
        <line num="93" count="0" type="stmt"/>
        <line num="94" count="16" type="stmt"/>
        <line num="95" count="16" type="cond" truecount="0" falsecount="1"/>
        <line num="96" count="16" type="stmt"/>
        <line num="97" count="16" type="stmt"/>
        <line num="98" count="16" type="stmt"/>
        <line num="99" count="16" type="stmt"/>
        <line num="100" count="16" type="stmt"/>
        <line num="101" count="16" type="stmt"/>
        <line num="103" count="16" type="cond" truecount="1" falsecount="0"/>
        <line num="104" count="16" type="stmt"/>
        <line num="105" count="16" type="stmt"/>
        <line num="106" count="16" type="stmt"/>
        <line num="107" count="16" type="stmt"/>
        <line num="108" count="16" type="stmt"/>
        <line num="109" count="16" type="cond" truecount="0" falsecount="1"/>
        <line num="110" count="16" type="stmt"/>
        <line num="112" count="16" type="cond" truecount="1" falsecount="0"/>
        <line num="113" count="8" type="stmt"/>
        <line num="114" count="8" type="stmt"/>
        <line num="115" count="16" type="cond" truecount="1" falsecount="0"/>
        <line num="116" count="1" type="stmt"/>
        <line num="117" count="1" type="stmt"/>
        <line num="118" count="1" type="cond" truecount="1" falsecount="0"/>
        <line num="119" count="15" type="stmt"/>
        <line num="120" count="15" type="stmt"/>
        <line num="121" count="15" type="stmt"/>
        <line num="123" count="22" type="cond" truecount="1" falsecount="0"/>
        <line num="124" count="22" type="stmt"/>
        <line num="125" count="22" type="stmt"/>
        <line num="126" count="22" type="stmt"/>
        <line num="127" count="22" type="stmt"/>
        <line num="128" count="22" type="cond" truecount="0" falsecount="1"/>
        <line num="129" count="22" type="stmt"/>
        <line num="130" count="22" type="stmt"/>
        <line num="131" count="22" type="stmt"/>
        <line num="132" count="22" type="stmt"/>
        <line num="134" count="14" type="cond" truecount="1" falsecount="0"/>
        <line num="135" count="14" type="stmt"/>
        <line num="136" count="14" type="stmt"/>
        <line num="137" count="14" type="stmt"/>
        <line num="138" count="14" type="stmt"/>
        <line num="139" count="14" type="stmt"/>
        <line num="140" count="14" type="stmt"/>
        <line num="141" count="14" type="stmt"/>
        <line num="142" count="14" type="stmt"/>
        <line num="143" count="14" type="stmt"/>
        <line num="144" count="14" type="stmt"/>
        <line num="145" count="14" type="stmt"/>
        <line num="146" count="14" type="stmt"/>
        <line num="147" count="14" type="stmt"/>
        <line num="148" count="14" type="stmt"/>
        <line num="149" count="14" type="stmt"/>
        <line num="150" count="14" type="stmt"/>
        <line num="151" count="14" type="stmt"/>
        <line num="152" count="14" type="stmt"/>
        <line num="153" count="14" type="stmt"/>
        <line num="154" count="14" type="stmt"/>
        <line num="156" count="6" type="cond" truecount="1" falsecount="0"/>
        <line num="157" count="6" type="stmt"/>
        <line num="158" count="6" type="stmt"/>
        <line num="159" count="6" type="stmt"/>
        <line num="160" count="6" type="stmt"/>
        <line num="161" count="6" type="cond" truecount="0" falsecount="1"/>
        <line num="162" count="6" type="stmt"/>
        <line num="163" count="6" type="stmt"/>
        <line num="164" count="6" type="stmt"/>
        <line num="165" count="6" type="stmt"/>
        <line num="167" count="41" type="cond" truecount="1" falsecount="0"/>
        <line num="169" count="41" type="stmt"/>
        <line num="171" count="41" type="stmt"/>
        <line num="172" count="41" type="stmt"/>
        <line num="176" count="41" type="cond" truecount="1" falsecount="0"/>
        <line num="177" count="91" type="cond" truecount="4" falsecount="0"/>
        <line num="178" count="45" type="stmt"/>
        <line num="179" count="45" type="stmt"/>
        <line num="180" count="45" type="stmt"/>
        <line num="181" count="91" type="cond" truecount="2" falsecount="0"/>
        <line num="182" count="30" type="stmt"/>
        <line num="183" count="30" type="stmt"/>
        <line num="184" count="91" type="stmt"/>
        <line num="186" count="41" type="stmt"/>
        <line num="187" count="41" type="stmt"/>
        <line num="188" count="41" type="stmt"/>
        <line num="189" count="41" type="stmt"/>
        <line num="190" count="41" type="stmt"/>
        <line num="191" count="41" type="stmt"/>
      </file>
      <file name="rng.ts" path="/Users/joesmith/Code/bats/src/engine/core/rng.ts">
        <metrics statements="18" coveredstatements="18" conditionals="6" coveredconditionals="6" methods="4" coveredmethods="4"/>
        <line num="12" count="1" type="cond" truecount="1" falsecount="0"/>
        <line num="13" count="4" type="stmt"/>
        <line num="14" count="4" type="cond" truecount="1" falsecount="0"/>
        <line num="15" count="150" type="stmt"/>
        <line num="16" count="150" type="stmt"/>
        <line num="17" count="150" type="stmt"/>
        <line num="18" count="150" type="stmt"/>
        <line num="19" count="150" type="stmt"/>
        <line num="20" count="150" type="stmt"/>
        <line num="21" count="4" type="stmt"/>
        <line num="24" count="1" type="cond" truecount="1" falsecount="0"/>
        <line num="25" count="110" type="stmt"/>
        <line num="26" count="110" type="stmt"/>
        <line num="29" count="1" type="cond" truecount="1" falsecount="0"/>
        <line num="30" count="11" type="cond" truecount="2" falsecount="0"/>
        <line num="31" count="10" type="stmt"/>
        <line num="33" count="10" type="stmt"/>
        <line num="34" count="10" type="stmt"/>
      </file>
      <file name="types.ts" path="/Users/joesmith/Code/bats/src/engine/core/types.ts">
        <metrics statements="41" coveredstatements="41" conditionals="22" coveredconditionals="18" methods="8" coveredmethods="8"/>
        <line num="63" count="1" type="stmt"/>
        <line num="64" count="1" type="stmt"/>
        <line num="65" count="1" type="stmt"/>
        <line num="66" count="1" type="stmt"/>
        <line num="67" count="1" type="stmt"/>
        <line num="69" count="1" type="cond" truecount="1" falsecount="0"/>
        <line num="70" count="94" type="stmt"/>
        <line num="71" count="94" type="stmt"/>
        <line num="73" count="1" type="cond" truecount="1" falsecount="0"/>
        <line num="74" count="852" type="cond" truecount="1" falsecount="0"/>
        <line num="75" count="852" type="stmt"/>
        <line num="77" count="1" type="cond" truecount="1" falsecount="0"/>
        <line num="78" count="318" type="stmt"/>
        <line num="79" count="318" type="stmt"/>
        <line num="81" count="1" type="cond" truecount="1" falsecount="0"/>
        <line num="82" count="33" type="stmt"/>
        <line num="83" count="33" type="stmt"/>
        <line num="85" count="1" type="cond" truecount="1" falsecount="0"/>
        <line num="86" count="55" type="cond" truecount="2" falsecount="0"/>
        <line num="87" count="55" type="stmt"/>
        <line num="89" count="1" type="cond" truecount="1" falsecount="0"/>
        <line num="90" count="543" type="cond" truecount="0" falsecount="1"/>
        <line num="91" count="543" type="stmt"/>
        <line num="92" count="543" type="stmt"/>
        <line num="93" count="543" type="cond" truecount="0" falsecount="1"/>
        <line num="94" count="543" type="stmt"/>
        <line num="95" count="543" type="cond" truecount="3" falsecount="0"/>
        <line num="96" count="543" type="stmt"/>
        <line num="98" count="1" type="cond" truecount="1" falsecount="0"/>
        <line num="99" count="386" type="stmt"/>
        <line num="100" count="386" type="cond" truecount="0" falsecount="1"/>
        <line num="101" count="386" type="stmt"/>
        <line num="102" count="386" type="cond" truecount="0" falsecount="1"/>
        <line num="103" count="386" type="stmt"/>
        <line num="104" count="386" type="stmt"/>
        <line num="106" count="1" type="cond" truecount="1" falsecount="0"/>
        <line num="107" count="308" type="cond" truecount="2" falsecount="0"/>
        <line num="108" count="536" type="cond" truecount="1" falsecount="0"/>
        <line num="109" count="536" type="cond" truecount="1" falsecount="0"/>
        <line num="110" count="285" type="stmt"/>
        <line num="111" count="285" type="stmt"/>
      </file>
      <file name="validators.ts" path="/Users/joesmith/Code/bats/src/engine/core/validators.ts">
        <metrics statements="103" coveredstatements="103" conditionals="76" coveredconditionals="66" methods="8" coveredmethods="8"/>
        <line num="1" count="1" type="stmt"/>
        <line num="11" count="110" type="cond" truecount="1" falsecount="0"/>
        <line num="12" count="110" type="stmt"/>
        <line num="13" count="110" type="stmt"/>
        <line num="15" count="39" type="cond" truecount="1" falsecount="0"/>
        <line num="16" count="39" type="stmt"/>
        <line num="17" count="39" type="stmt"/>
        <line num="19" count="1" type="cond" truecount="1" falsecount="0"/>
        <line num="20" count="155" type="cond" truecount="0" falsecount="1"/>
        <line num="22" count="155" type="stmt"/>
        <line num="23" count="155" type="cond" truecount="1" falsecount="0"/>
        <line num="24" count="28" type="stmt"/>
        <line num="25" count="155" type="cond" truecount="1" falsecount="0"/>
        <line num="26" count="24" type="stmt"/>
        <line num="27" count="155" type="cond" truecount="1" falsecount="0"/>
        <line num="28" count="30" type="stmt"/>
        <line num="29" count="155" type="cond" truecount="1" falsecount="0"/>
        <line num="30" count="25" type="stmt"/>
        <line num="31" count="155" type="cond" truecount="1" falsecount="0"/>
        <line num="32" count="6" type="stmt"/>
        <line num="33" count="155" type="cond" truecount="1" falsecount="0"/>
        <line num="34" count="41" type="stmt"/>
        <line num="35" count="155" type="stmt"/>
        <line num="36" count="155" type="stmt"/>
        <line num="38" count="28" type="cond" truecount="1" falsecount="0"/>
        <line num="39" count="28" type="stmt"/>
        <line num="40" count="28" type="stmt"/>
        <line num="41" count="28" type="stmt"/>
        <line num="42" count="28" type="stmt"/>
        <line num="43" count="28" type="cond" truecount="0" falsecount="1"/>
        <line num="44" count="28" type="cond" truecount="3" falsecount="0"/>
        <line num="45" count="27" type="cond" truecount="2" falsecount="0"/>
        <line num="46" count="28" type="cond" truecount="1" falsecount="1"/>
        <line num="47" count="28" type="cond" truecount="2" falsecount="0"/>
        <line num="48" count="22" type="stmt"/>
        <line num="49" count="28" type="cond" truecount="1" falsecount="1"/>
        <line num="50" count="28" type="cond" truecount="2" falsecount="0"/>
        <line num="52" count="28" type="cond" truecount="1" falsecount="1"/>
        <line num="53" count="21" type="stmt"/>
        <line num="54" count="28" type="cond" truecount="2" falsecount="0"/>
        <line num="55" count="16" type="stmt"/>
        <line num="56" count="16" type="stmt"/>
        <line num="58" count="24" type="cond" truecount="1" falsecount="0"/>
        <line num="59" count="24" type="stmt"/>
        <line num="60" count="24" type="stmt"/>
        <line num="61" count="24" type="stmt"/>
        <line num="62" count="24" type="stmt"/>
        <line num="63" count="24" type="cond" truecount="2" falsecount="0"/>
        <line num="64" count="24" type="cond" truecount="1" falsecount="1"/>
        <line num="65" count="24" type="cond" truecount="2" falsecount="0"/>
        <line num="66" count="22" type="stmt"/>
        <line num="67" count="24" type="cond" truecount="2" falsecount="0"/>
        <line num="68" count="24" type="cond" truecount="2" falsecount="0"/>
        <line num="69" count="20" type="stmt"/>
        <line num="71" count="24" type="cond" truecount="2" falsecount="0"/>
        <line num="72" count="1" type="stmt"/>
        <line num="73" count="1" type="cond" truecount="1" falsecount="0"/>
        <line num="74" count="19" type="stmt"/>
        <line num="75" count="24" type="cond" truecount="2" falsecount="0"/>
        <line num="76" count="3" type="stmt"/>
        <line num="77" count="3" type="cond" truecount="1" falsecount="0"/>
        <line num="78" count="16" type="stmt"/>
        <line num="79" count="16" type="stmt"/>
        <line num="81" count="30" type="cond" truecount="1" falsecount="0"/>
        <line num="82" count="30" type="stmt"/>
        <line num="83" count="30" type="stmt"/>
        <line num="84" count="30" type="stmt"/>
        <line num="85" count="30" type="stmt"/>
        <line num="86" count="30" type="cond" truecount="0" falsecount="1"/>
        <line num="87" count="30" type="cond" truecount="2" falsecount="0"/>
        <line num="88" count="30" type="cond" truecount="2" falsecount="0"/>
        <line num="89" count="28" type="stmt"/>
        <line num="90" count="30" type="cond" truecount="2" falsecount="0"/>
        <line num="91" count="27" type="stmt"/>
        <line num="92" count="30" type="cond" truecount="2" falsecount="0"/>
        <line num="93" count="30" type="cond" truecount="2" falsecount="0"/>
        <line num="94" count="22" type="stmt"/>
        <line num="95" count="22" type="stmt"/>
        <line num="97" count="25" type="cond" truecount="1" falsecount="0"/>
        <line num="98" count="25" type="stmt"/>
        <line num="99" count="25" type="stmt"/>
        <line num="100" count="25" type="stmt"/>
        <line num="101" count="25" type="cond" truecount="2" falsecount="0"/>
        <line num="102" count="25" type="cond" truecount="2" falsecount="0"/>
        <line num="103" count="23" type="stmt"/>
        <line num="104" count="25" type="cond" truecount="2" falsecount="0"/>
        <line num="105" count="25" type="cond" truecount="2" falsecount="0"/>
        <line num="106" count="25" type="cond" truecount="3" falsecount="0"/>
        <line num="107" count="15" type="stmt"/>
        <line num="108" count="15" type="stmt"/>
        <line num="109" count="25" type="cond" truecount="2" falsecount="0"/>
        <line num="110" count="14" type="stmt"/>
        <line num="111" count="14" type="stmt"/>
        <line num="113" count="6" type="cond" truecount="1" falsecount="0"/>
        <line num="114" count="6" type="stmt"/>
        <line num="115" count="6" type="stmt"/>
        <line num="116" count="6" type="stmt"/>
        <line num="117" count="6" type="stmt"/>
        <line num="118" count="6" type="cond" truecount="0" falsecount="1"/>
        <line num="119" count="6" type="cond" truecount="0" falsecount="1"/>
        <line num="120" count="6" type="cond" truecount="0" falsecount="1"/>
        <line num="121" count="6" type="stmt"/>
        <line num="122" count="6" type="stmt"/>
      </file>
    </package>
    <package name="src.engine.queries">
      <metrics statements="35" coveredstatements="35" conditionals="16" coveredconditionals="16" methods="4" coveredmethods="4"/>
      <file name="selectors.ts" path="/Users/joesmith/Code/bats/src/engine/queries/selectors.ts">
        <metrics statements="35" coveredstatements="35" conditionals="16" coveredconditionals="16" methods="4" coveredmethods="4"/>
        <line num="1" count="1" type="stmt"/>
        <line num="16" count="1" type="cond" truecount="1" falsecount="0"/>
        <line num="17" count="1" type="stmt"/>
        <line num="18" count="1" type="stmt"/>
        <line num="19" count="1" type="stmt"/>
        <line num="20" count="1" type="stmt"/>
        <line num="21" count="1" type="stmt"/>
        <line num="22" count="1" type="stmt"/>
        <line num="23" count="1" type="cond" truecount="1" falsecount="0"/>
        <line num="24" count="7" type="cond" truecount="1" falsecount="0"/>
        <line num="25" count="49" type="stmt"/>
        <line num="26" count="49" type="cond" truecount="3" falsecount="0"/>
        <line num="27" count="20" type="stmt"/>
        <line num="28" count="20" type="cond" truecount="2" falsecount="0"/>
        <line num="29" count="16" type="stmt"/>
        <line num="30" count="16" type="stmt"/>
        <line num="31" count="7" type="stmt"/>
        <line num="32" count="1" type="stmt"/>
        <line num="33" count="1" type="stmt"/>
        <line num="40" count="1" type="cond" truecount="1" falsecount="0"/>
        <line num="41" count="1" type="stmt"/>
        <line num="42" count="1" type="stmt"/>
        <line num="43" count="1" type="cond" truecount="1" falsecount="0"/>
        <line num="44" count="6" type="cond" truecount="2" falsecount="0"/>
        <line num="45" count="4" type="stmt"/>
        <line num="46" count="6" type="cond" truecount="2" falsecount="0"/>
        <line num="47" count="6" type="stmt"/>
        <line num="48" count="1" type="stmt"/>
        <line num="49" count="1" type="stmt"/>
        <line num="52" count="1" type="cond" truecount="1" falsecount="0"/>
        <line num="53" count="2" type="stmt"/>
        <line num="54" count="2" type="stmt"/>
        <line num="57" count="1" type="cond" truecount="1" falsecount="0"/>
        <line num="58" count="2" type="stmt"/>
        <line num="59" count="2" type="stmt"/>
      </file>
    </package>
    <package name="src.engine.systems">
      <metrics statements="267" coveredstatements="263" conditionals="90" coveredconditionals="79" methods="13" coveredmethods="13"/>
      <file name="capture.ts" path="/Users/joesmith/Code/bats/src/engine/systems/capture.ts">
        <metrics statements="37" coveredstatements="33" conditionals="8" coveredconditionals="6" methods="2" coveredmethods="2"/>
        <line num="1" count="1" type="stmt"/>
        <line num="27" count="1" type="cond" truecount="1" falsecount="0"/>
        <line num="28" count="22" type="stmt"/>
        <line num="29" count="22" type="cond" truecount="0" falsecount="1"/>
        <line num="30" count="0" type="stmt"/>
        <line num="31" count="0" type="stmt"/>
        <line num="32" count="22" type="cond" truecount="0" falsecount="1"/>
        <line num="33" count="0" type="stmt"/>
        <line num="34" count="0" type="stmt"/>
        <line num="35" count="22" type="stmt"/>
        <line num="36" count="22" type="stmt"/>
        <line num="37" count="22" type="stmt"/>
        <line num="38" count="22" type="cond" truecount="2" falsecount="0"/>
        <line num="39" count="7" type="stmt"/>
        <line num="40" count="7" type="stmt"/>
        <line num="41" count="7" type="stmt"/>
        <line num="42" count="7" type="stmt"/>
        <line num="43" count="7" type="stmt"/>
        <line num="44" count="7" type="stmt"/>
        <line num="45" count="7" type="stmt"/>
        <line num="46" count="7" type="stmt"/>
        <line num="47" count="19" type="cond" truecount="1" falsecount="0"/>
        <line num="48" count="15" type="stmt"/>
        <line num="49" count="15" type="stmt"/>
        <line num="50" count="15" type="stmt"/>
        <line num="51" count="15" type="stmt"/>
        <line num="52" count="15" type="stmt"/>
        <line num="53" count="15" type="stmt"/>
        <line num="54" count="15" type="stmt"/>
        <line num="55" count="22" type="stmt"/>
        <line num="56" count="22" type="stmt"/>
        <line num="59" count="1" type="cond" truecount="1" falsecount="0"/>
        <line num="60" count="16" type="cond" truecount="1" falsecount="0"/>
        <line num="61" count="3" type="stmt"/>
        <line num="62" count="3" type="stmt"/>
        <line num="63" count="3" type="stmt"/>
        <line num="64" count="16" type="stmt"/>
      </file>
      <file name="combat.ts" path="/Users/joesmith/Code/bats/src/engine/systems/combat.ts">
        <metrics statements="58" coveredstatements="58" conditionals="13" coveredconditionals="13" methods="3" coveredmethods="3"/>
        <line num="1" count="1" type="stmt"/>
        <line num="16" count="1" type="cond" truecount="1" falsecount="0"/>
        <line num="17" count="35" type="stmt"/>
        <line num="18" count="35" type="stmt"/>
        <line num="19" count="35" type="stmt"/>
        <line num="20" count="35" type="stmt"/>
        <line num="21" count="35" type="stmt"/>
        <line num="22" count="35" type="stmt"/>
        <line num="23" count="35" type="stmt"/>
        <line num="26" count="1" type="cond" truecount="1" falsecount="0"/>
        <line num="27" count="10" type="stmt"/>
        <line num="28" count="10" type="stmt"/>
        <line num="29" count="10" type="stmt"/>
        <line num="30" count="10" type="stmt"/>
        <line num="44" count="1" type="cond" truecount="1" falsecount="0"/>
        <line num="45" count="20" type="stmt"/>
        <line num="46" count="20" type="stmt"/>
        <line num="47" count="20" type="stmt"/>
        <line num="48" count="20" type="stmt"/>
        <line num="49" count="20" type="stmt"/>
        <line num="50" count="20" type="stmt"/>
        <line num="51" count="20" type="stmt"/>
        <line num="52" count="20" type="stmt"/>
        <line num="53" count="20" type="stmt"/>
        <line num="54" count="20" type="stmt"/>
        <line num="55" count="20" type="stmt"/>
        <line num="56" count="20" type="stmt"/>
        <line num="58" count="20" type="stmt"/>
        <line num="59" count="20" type="stmt"/>
        <line num="60" count="20" type="stmt"/>
        <line num="61" count="20" type="stmt"/>
        <line num="62" count="20" type="stmt"/>
        <line num="63" count="20" type="stmt"/>
        <line num="64" count="20" type="stmt"/>
        <line num="66" count="20" type="cond" truecount="1" falsecount="0"/>
        <line num="67" count="9" type="stmt"/>
        <line num="68" count="9" type="stmt"/>
        <line num="69" count="9" type="stmt"/>
        <line num="70" count="9" type="cond" truecount="2" falsecount="0"/>
        <line num="73" count="11" type="stmt"/>
        <line num="74" count="15" type="cond" truecount="2" falsecount="0"/>
        <line num="75" count="15" type="cond" truecount="3" falsecount="0"/>
        <line num="77" count="7" type="stmt"/>
        <line num="78" count="7" type="stmt"/>
        <line num="79" count="7" type="stmt"/>
        <line num="80" count="7" type="stmt"/>
        <line num="81" count="7" type="stmt"/>
        <line num="82" count="7" type="stmt"/>
        <line num="83" count="7" type="stmt"/>
        <line num="84" count="7" type="stmt"/>
        <line num="85" count="7" type="stmt"/>
        <line num="86" count="7" type="stmt"/>
        <line num="88" count="15" type="cond" truecount="1" falsecount="0"/>
        <line num="89" count="1" type="stmt"/>
        <line num="90" count="1" type="stmt"/>
        <line num="91" count="1" type="cond" truecount="1" falsecount="0"/>
        <line num="92" count="7" type="stmt"/>
        <line num="93" count="7" type="stmt"/>
      </file>
      <file name="economy.ts" path="/Users/joesmith/Code/bats/src/engine/systems/economy.ts">
        <metrics statements="24" coveredstatements="24" conditionals="8" coveredconditionals="8" methods="4" coveredmethods="4"/>
        <line num="1" count="1" type="stmt"/>
        <line num="7" count="1" type="cond" truecount="1" falsecount="0"/>
        <line num="8" count="5" type="stmt"/>
        <line num="9" count="5" type="stmt"/>
        <line num="12" count="1" type="cond" truecount="1" falsecount="0"/>
        <line num="13" count="43" type="stmt"/>
        <line num="14" count="43" type="cond" truecount="1" falsecount="0"/>
        <line num="15" count="51" type="cond" truecount="1" falsecount="0"/>
        <line num="16" count="265" type="cond" truecount="2" falsecount="0"/>
        <line num="17" count="58" type="stmt"/>
        <line num="18" count="265" type="stmt"/>
        <line num="19" count="51" type="stmt"/>
        <line num="20" count="43" type="stmt"/>
        <line num="21" count="43" type="stmt"/>
        <line num="24" count="1" type="cond" truecount="1" falsecount="0"/>
        <line num="25" count="43" type="stmt"/>
        <line num="26" count="43" type="stmt"/>
        <line num="32" count="1" type="cond" truecount="1" falsecount="0"/>
        <line num="33" count="41" type="stmt"/>
        <line num="34" count="41" type="stmt"/>
        <line num="35" count="41" type="stmt"/>
        <line num="36" count="41" type="stmt"/>
        <line num="37" count="41" type="stmt"/>
        <line num="38" count="41" type="stmt"/>
      </file>
      <file name="pathfinding.ts" path="/Users/joesmith/Code/bats/src/engine/systems/pathfinding.ts">
        <metrics statements="118" coveredstatements="118" conditionals="50" coveredconditionals="43" methods="3" coveredmethods="3"/>
        <line num="1" count="1" type="stmt"/>
        <line num="22" count="1" type="stmt"/>
        <line num="23" count="1" type="stmt"/>
        <line num="24" count="1" type="stmt"/>
        <line num="25" count="1" type="stmt"/>
        <line num="26" count="1" type="stmt"/>
        <line num="27" count="1" type="stmt"/>
        <line num="30" count="1" type="cond" truecount="1" falsecount="0"/>
        <line num="31" count="237" type="cond" truecount="0" falsecount="1"/>
        <line num="32" count="237" type="stmt"/>
        <line num="33" count="237" type="cond" truecount="0" falsecount="1"/>
        <line num="34" count="237" type="stmt"/>
        <line num="35" count="237" type="cond" truecount="0" falsecount="1"/>
        <line num="36" count="237" type="stmt"/>
        <line num="37" count="237" type="stmt"/>
        <line num="38" count="237" type="stmt"/>
        <line num="45" count="1" type="cond" truecount="1" falsecount="0"/>
        <line num="46" count="6" type="stmt"/>
        <line num="48" count="6" type="stmt"/>
        <line num="49" count="6" type="stmt"/>
        <line num="50" count="6" type="stmt"/>
        <line num="51" count="6" type="stmt"/>
        <line num="52" count="6" type="stmt"/>
        <line num="55" count="6" type="stmt"/>
        <line num="56" count="6" type="stmt"/>
        <line num="58" count="6" type="cond" truecount="1" falsecount="0"/>
        <line num="60" count="60" type="stmt"/>
        <line num="61" count="60" type="stmt"/>
        <line num="62" count="60" type="cond" truecount="1" falsecount="0"/>
        <line num="63" count="211" type="stmt"/>
        <line num="64" count="211" type="cond" truecount="1" falsecount="0"/>
        <line num="65" count="61" type="stmt"/>
        <line num="66" count="61" type="stmt"/>
        <line num="67" count="61" type="stmt"/>
        <line num="68" count="211" type="stmt"/>
        <line num="69" count="60" type="cond" truecount="0" falsecount="1"/>
        <line num="70" count="60" type="stmt"/>
        <line num="71" count="60" type="stmt"/>
        <line num="72" count="60" type="stmt"/>
        <line num="73" count="60" type="cond" truecount="0" falsecount="1"/>
        <line num="75" count="60" type="cond" truecount="1" falsecount="0"/>
        <line num="76" count="240" type="stmt"/>
        <line num="77" count="240" type="cond" truecount="2" falsecount="0"/>
        <line num="78" count="174" type="stmt"/>
        <line num="81" count="240" type="cond" truecount="3" falsecount="0"/>
        <line num="82" count="172" type="stmt"/>
        <line num="83" count="172" type="cond" truecount="2" falsecount="0"/>
        <line num="84" count="171" type="stmt"/>
        <line num="85" count="171" type="cond" truecount="2" falsecount="0"/>
        <line num="86" count="134" type="stmt"/>
        <line num="87" count="134" type="stmt"/>
        <line num="88" count="240" type="cond" truecount="2" falsecount="0"/>
        <line num="89" count="54" type="stmt"/>
        <line num="90" count="54" type="stmt"/>
        <line num="91" count="54" type="stmt"/>
        <line num="92" count="54" type="stmt"/>
        <line num="93" count="54" type="stmt"/>
        <line num="94" count="240" type="stmt"/>
        <line num="95" count="60" type="stmt"/>
        <line num="99" count="6" type="stmt"/>
        <line num="100" count="6" type="cond" truecount="1" falsecount="0"/>
        <line num="101" count="60" type="stmt"/>
        <line num="102" count="60" type="stmt"/>
        <line num="103" count="60" type="cond" truecount="1" falsecount="0"/>
        <line num="104" count="54" type="stmt"/>
        <line num="105" count="54" type="cond" truecount="2" falsecount="0"/>
        <line num="106" count="54" type="cond" truecount="1" falsecount="0"/>
        <line num="108" count="59" type="stmt"/>
        <line num="109" count="59" type="stmt"/>
        <line num="110" count="60" type="cond" truecount="2" falsecount="0"/>
        <line num="111" count="160" type="stmt"/>
        <line num="112" count="160" type="cond" truecount="0" falsecount="1"/>
        <line num="113" count="160" type="cond" truecount="1" falsecount="0"/>
        <line num="114" count="59" type="stmt"/>
        <line num="115" count="59" type="stmt"/>
        <line num="116" count="6" type="stmt"/>
        <line num="117" count="6" type="stmt"/>
        <line num="126" count="1" type="cond" truecount="1" falsecount="0"/>
        <line num="127" count="40" type="stmt"/>
        <line num="128" count="40" type="stmt"/>
        <line num="129" count="40" type="stmt"/>
        <line num="130" count="40" type="stmt"/>
        <line num="131" count="40" type="cond" truecount="1" falsecount="0"/>
        <line num="132" count="1" type="stmt"/>
        <line num="133" count="1" type="cond" truecount="1" falsecount="0"/>
        <line num="134" count="39" type="stmt"/>
        <line num="135" count="39" type="stmt"/>
        <line num="136" count="39" type="stmt"/>
        <line num="137" count="39" type="cond" truecount="1" falsecount="0"/>
        <line num="138" count="66" type="stmt"/>
        <line num="139" count="66" type="cond" truecount="0" falsecount="1"/>
        <line num="140" count="66" type="stmt"/>
        <line num="141" count="66" type="stmt"/>
        <line num="142" count="66" type="cond" truecount="1" falsecount="0"/>
        <line num="143" count="1" type="stmt"/>
        <line num="144" count="1" type="cond" truecount="1" falsecount="0"/>
        <line num="145" count="65" type="stmt"/>
        <line num="146" count="65" type="cond" truecount="1" falsecount="0"/>
        <line num="147" count="3" type="stmt"/>
        <line num="148" count="3" type="cond" truecount="1" falsecount="0"/>
        <line num="149" count="62" type="stmt"/>
        <line num="150" count="65" type="cond" truecount="1" falsecount="0"/>
        <line num="151" count="1" type="stmt"/>
        <line num="152" count="1" type="cond" truecount="1" falsecount="0"/>
        <line num="153" count="61" type="stmt"/>
        <line num="154" count="66" type="cond" truecount="3" falsecount="0"/>
        <line num="155" count="4" type="stmt"/>
        <line num="156" count="4" type="cond" truecount="1" falsecount="0"/>
        <line num="157" count="1" type="stmt"/>
        <line num="158" count="1" type="cond" truecount="1" falsecount="0"/>
        <line num="159" count="4" type="cond" truecount="1" falsecount="0"/>
        <line num="160" count="1" type="stmt"/>
        <line num="161" count="1" type="stmt"/>
        <line num="163" count="4" type="cond" truecount="1" falsecount="0"/>
        <line num="164" count="59" type="stmt"/>
        <line num="165" count="59" type="cond" truecount="1" falsecount="0"/>
        <line num="166" count="32" type="stmt"/>
        <line num="167" count="32" type="stmt"/>
      </file>
      <file name="win.ts" path="/Users/joesmith/Code/bats/src/engine/systems/win.ts">
        <metrics statements="30" coveredstatements="30" conditionals="11" coveredconditionals="9" methods="1" coveredmethods="1"/>
        <line num="1" count="1" type="stmt"/>
        <line num="9" count="1" type="cond" truecount="1" falsecount="0"/>
        <line num="11" count="119" type="cond" truecount="1" falsecount="0"/>
        <line num="12" count="234" type="stmt"/>
        <line num="13" count="234" type="stmt"/>
        <line num="14" count="234" type="stmt"/>
        <line num="15" count="234" type="stmt"/>
        <line num="16" count="234" type="stmt"/>
        <line num="17" count="234" type="stmt"/>
        <line num="18" count="234" type="cond" truecount="1" falsecount="0"/>
        <line num="19" count="4" type="stmt"/>
        <line num="20" count="4" type="stmt"/>
        <line num="21" count="4" type="stmt"/>
        <line num="22" count="4" type="stmt"/>
        <line num="23" count="4" type="stmt"/>
        <line num="24" count="4" type="stmt"/>
        <line num="25" count="234" type="cond" truecount="1" falsecount="0"/>
        <line num="28" count="115" type="stmt"/>
        <line num="29" count="119" type="cond" truecount="1" falsecount="0"/>
        <line num="30" count="253" type="cond" truecount="0" falsecount="1"/>
        <line num="31" count="253" type="cond" truecount="1" falsecount="0"/>
        <line num="32" count="119" type="cond" truecount="1" falsecount="0"/>
        <line num="33" count="227" type="cond" truecount="1" falsecount="1"/>
        <line num="34" count="14" type="stmt"/>
        <line num="35" count="14" type="stmt"/>
        <line num="36" count="14" type="stmt"/>
        <line num="37" count="14" type="stmt"/>
        <line num="38" count="227" type="cond" truecount="1" falsecount="0"/>
        <line num="39" count="101" type="stmt"/>
        <line num="40" count="101" type="stmt"/>
      </file>
    </package>
    <package name="src.renderer">
      <metrics statements="4" coveredstatements="0" conditionals="4" coveredconditionals="4" methods="4" coveredmethods="4"/>
      <file name="animations.ts" path="/Users/joesmith/Code/bats/src/renderer/animations.ts">
        <metrics statements="1" coveredstatements="0" conditionals="1" coveredconditionals="1" methods="1" coveredmethods="1"/>
        <line num="2" count="0" type="stmt"/>
      </file>
      <file name="canvas.ts" path="/Users/joesmith/Code/bats/src/renderer/canvas.ts">
        <metrics statements="1" coveredstatements="0" conditionals="1" coveredconditionals="1" methods="1" coveredmethods="1"/>
        <line num="2" count="0" type="stmt"/>
      </file>
      <file name="hud.ts" path="/Users/joesmith/Code/bats/src/renderer/hud.ts">
        <metrics statements="1" coveredstatements="0" conditionals="1" coveredconditionals="1" methods="1" coveredmethods="1"/>
        <line num="2" count="0" type="stmt"/>
      </file>
      <file name="input.ts" path="/Users/joesmith/Code/bats/src/renderer/input.ts">
        <metrics statements="1" coveredstatements="0" conditionals="1" coveredconditionals="1" methods="1" coveredmethods="1"/>
        <line num="2" count="0" type="stmt"/>
      </file>
    </package>
  </project>
</coverage>
