{"/Users/joesmith/Code/bats/src/main.ts": {"path":"/Users/joesmith/Code/bats/src/main.ts","all":true,"statementMap":{"0":{"start":{"line":1,"column":0},"end":{"line":1,"column":72}},"3":{"start":{"line":4,"column":0},"end":{"line":4,"column":43}},"5":{"start":{"line":6,"column":0},"end":{"line":6,"column":21}},"6":{"start":{"line":7,"column":0},"end":{"line":7,"column":21}},"7":{"start":{"line":8,"column":0},"end":{"line":8,"column":20}},"9":{"start":{"line":10,"column":0},"end":{"line":10,"column":86}},"10":{"start":{"line":11,"column":0},"end":{"line":11,"column":52}},"11":{"start":{"line":12,"column":0},"end":{"line":12,"column":62}},"12":{"start":{"line":13,"column":0},"end":{"line":13,"column":18}},"13":{"start":{"line":14,"column":0},"end":{"line":14,"column":47}},"14":{"start":{"line":15,"column":0},"end":{"line":15,"column":14}},"15":{"start":{"line":16,"column":0},"end":{"line":16,"column":30}},"16":{"start":{"line":17,"column":0},"end":{"line":17,"column":12}},"17":{"start":{"line":18,"column":0},"end":{"line":18,"column":40}},"18":{"start":{"line":19,"column":0},"end":{"line":19,"column":5}},"19":{"start":{"line":20,"column":0},"end":{"line":20,"column":3}},"20":{"start":{"line":21,"column":0},"end":{"line":21,"column":38}},"21":{"start":{"line":22,"column":0},"end":{"line":22,"column":13}},"22":{"start":{"line":23,"column":0},"end":{"line":23,"column":53}},"23":{"start":{"line":24,"column":0},"end":{"line":24,"column":3}},"24":{"start":{"line":25,"column":0},"end":{"line":25,"column":25}},"25":{"start":{"line":26,"column":0},"end":{"line":26,"column":1}},"27":{"start":{"line":28,"column":0},"end":{"line":28,"column":50}},"28":{"start":{"line":29,"column":0},"end":{"line":29,"column":43}},"29":{"start":{"line":30,"column":0},"end":{"line":30,"column":30}},"30":{"start":{"line":31,"column":0},"end":{"line":31,"column":31}},"31":{"start":{"line":32,"column":0},"end":{"line":32,"column":37}},"32":{"start":{"line":33,"column":0},"end":{"line":33,"column":38}},"33":{"start":{"line":34,"column":0},"end":{"line":34,"column":32}},"34":{"start":{"line":35,"column":0},"end":{"line":35,"column":33}},"35":{"start":{"line":36,"column":0},"end":{"line":36,"column":38}},"36":{"start":{"line":37,"column":0},"end":{"line":37,"column":50}},"37":{"start":{"line":38,"column":0},"end":{"line":38,"column":1}},"39":{"start":{"line":40,"column":0},"end":{"line":40,"column":79}},"40":{"start":{"line":41,"column":0},"end":{"line":41,"column":31}},"41":{"start":{"line":42,"column":0},"end":{"line":42,"column":32}},"44":{"start":{"line":45,"column":0},"end":{"line":45,"column":28}},"45":{"start":{"line":46,"column":0},"end":{"line":46,"column":27}},"48":{"start":{"line":49,"column":0},"end":{"line":49,"column":38}},"49":{"start":{"line":50,"column":0},"end":{"line":50,"column":38}},"50":{"start":{"line":51,"column":0},"end":{"line":51,"column":46}},"51":{"start":{"line":52,"column":0},"end":{"line":52,"column":46}},"53":{"start":{"line":54,"column":0},"end":{"line":54,"column":30}},"54":{"start":{"line":55,"column":0},"end":{"line":55,"column":20}},"55":{"start":{"line":56,"column":0},"end":{"line":56,"column":40}},"56":{"start":{"line":57,"column":0},"end":{"line":57,"column":45}},"57":{"start":{"line":58,"column":0},"end":{"line":58,"column":20}},"58":{"start":{"line":59,"column":0},"end":{"line":59,"column":28}},"59":{"start":{"line":60,"column":0},"end":{"line":60,"column":36}},"60":{"start":{"line":61,"column":0},"end":{"line":61,"column":17}},"61":{"start":{"line":62,"column":0},"end":{"line":62,"column":3}},"62":{"start":{"line":63,"column":0},"end":{"line":63,"column":40}},"63":{"start":{"line":64,"column":0},"end":{"line":64,"column":45}},"64":{"start":{"line":65,"column":0},"end":{"line":65,"column":20}},"65":{"start":{"line":66,"column":0},"end":{"line":66,"column":28}},"66":{"start":{"line":67,"column":0},"end":{"line":67,"column":36}},"67":{"start":{"line":68,"column":0},"end":{"line":68,"column":17}},"68":{"start":{"line":69,"column":0},"end":{"line":69,"column":3}},"71":{"start":{"line":72,"column":0},"end":{"line":72,"column":28}},"72":{"start":{"line":73,"column":0},"end":{"line":73,"column":90}},"73":{"start":{"line":74,"column":0},"end":{"line":74,"column":27}},"74":{"start":{"line":75,"column":0},"end":{"line":75,"column":30}},"75":{"start":{"line":76,"column":0},"end":{"line":76,"column":65}},"76":{"start":{"line":77,"column":0},"end":{"line":77,"column":1}},"78":{"start":{"line":79,"column":0},"end":{"line":79,"column":23}},"79":{"start":{"line":80,"column":0},"end":{"line":80,"column":40}},"80":{"start":{"line":81,"column":0},"end":{"line":81,"column":30}},"81":{"start":{"line":82,"column":0},"end":{"line":82,"column":19}},"82":{"start":{"line":83,"column":0},"end":{"line":83,"column":22}},"83":{"start":{"line":84,"column":0},"end":{"line":84,"column":4}},"84":{"start":{"line":85,"column":0},"end":{"line":85,"column":11}},"85":{"start":{"line":86,"column":0},"end":{"line":86,"column":44}},"86":{"start":{"line":87,"column":0},"end":{"line":87,"column":92}},"87":{"start":{"line":88,"column":0},"end":{"line":88,"column":1}},"89":{"start":{"line":90,"column":0},"end":{"line":90,"column":7}}},"s":{"0":0,"3":0,"5":0,"6":0,"7":0,"9":0,"10":0,"11":0,"12":0,"13":0,"14":0,"15":0,"16":0,"17":0,"18":0,"19":0,"20":0,"21":0,"22":0,"23":0,"24":0,"25":0,"27":0,"28":0,"29":0,"30":0,"31":0,"32":0,"33":0,"34":0,"35":0,"36":0,"37":0,"39":0,"40":0,"41":0,"44":0,"45":0,"48":0,"49":0,"50":0,"51":0,"53":0,"54":0,"55":0,"56":0,"57":0,"58":0,"59":0,"60":0,"61":0,"62":0,"63":0,"64":0,"65":0,"66":0,"67":0,"68":0,"71":0,"72":0,"73":0,"74":0,"75":0,"76":0,"78":0,"79":0,"80":0,"81":0,"82":0,"83":0,"84":0,"85":0,"86":0,"87":0,"89":0},"branchMap":{"0":{"type":"branch","line":1,"loc":{"start":{"line":1,"column":2638},"end":{"line":90,"column":7}},"locations":[{"start":{"line":1,"column":2638},"end":{"line":90,"column":7}}]}},"b":{"0":[0]},"fnMap":{"0":{"name":"(empty-report)","decl":{"start":{"line":1,"column":2638},"end":{"line":90,"column":7}},"loc":{"start":{"line":1,"column":2638},"end":{"line":90,"column":7}},"line":1}},"f":{"0":0}}
,"/Users/joesmith/Code/bats/src/engine/data-inline.ts": {"path":"/Users/joesmith/Code/bats/src/engine/data-inline.ts","all":false,"statementMap":{"22":{"start":{"line":23,"column":0},"end":{"line":23,"column":51}},"23":{"start":{"line":24,"column":0},"end":{"line":24,"column":13}},"24":{"start":{"line":25,"column":0},"end":{"line":25,"column":15}},"25":{"start":{"line":26,"column":0},"end":{"line":26,"column":12}},"26":{"start":{"line":27,"column":0},"end":{"line":27,"column":26}},"27":{"start":{"line":28,"column":0},"end":{"line":28,"column":16}},"28":{"start":{"line":29,"column":0},"end":{"line":29,"column":16}},"29":{"start":{"line":30,"column":0},"end":{"line":30,"column":20}},"30":{"start":{"line":31,"column":0},"end":{"line":31,"column":21}},"31":{"start":{"line":32,"column":0},"end":{"line":32,"column":4}},"32":{"start":{"line":33,"column":0},"end":{"line":33,"column":10}},"33":{"start":{"line":34,"column":0},"end":{"line":34,"column":15}},"34":{"start":{"line":35,"column":0},"end":{"line":35,"column":12}},"35":{"start":{"line":36,"column":0},"end":{"line":36,"column":27}},"36":{"start":{"line":37,"column":0},"end":{"line":37,"column":16}},"37":{"start":{"line":38,"column":0},"end":{"line":38,"column":16}},"38":{"start":{"line":39,"column":0},"end":{"line":39,"column":20}},"39":{"start":{"line":40,"column":0},"end":{"line":40,"column":22}},"40":{"start":{"line":41,"column":0},"end":{"line":41,"column":4}},"41":{"start":{"line":42,"column":0},"end":{"line":42,"column":9}},"42":{"start":{"line":43,"column":0},"end":{"line":43,"column":15}},"43":{"start":{"line":44,"column":0},"end":{"line":44,"column":12}},"44":{"start":{"line":45,"column":0},"end":{"line":45,"column":27}},"45":{"start":{"line":46,"column":0},"end":{"line":46,"column":16}},"46":{"start":{"line":47,"column":0},"end":{"line":47,"column":16}},"47":{"start":{"line":48,"column":0},"end":{"line":48,"column":20}},"48":{"start":{"line":49,"column":0},"end":{"line":49,"column":22}},"49":{"start":{"line":50,"column":0},"end":{"line":50,"column":4}},"50":{"start":{"line":51,"column":0},"end":{"line":51,"column":14}},"51":{"start":{"line":52,"column":0},"end":{"line":52,"column":15}},"52":{"start":{"line":53,"column":0},"end":{"line":53,"column":12}},"53":{"start":{"line":54,"column":0},"end":{"line":54,"column":27}},"54":{"start":{"line":55,"column":0},"end":{"line":55,"column":16}},"55":{"start":{"line":56,"column":0},"end":{"line":56,"column":16}},"56":{"start":{"line":57,"column":0},"end":{"line":57,"column":19}},"57":{"start":{"line":58,"column":0},"end":{"line":58,"column":22}},"58":{"start":{"line":59,"column":0},"end":{"line":59,"column":4}},"59":{"start":{"line":60,"column":0},"end":{"line":60,"column":11}},"60":{"start":{"line":61,"column":0},"end":{"line":61,"column":15}},"61":{"start":{"line":62,"column":0},"end":{"line":62,"column":12}},"62":{"start":{"line":63,"column":0},"end":{"line":63,"column":25}},"63":{"start":{"line":64,"column":0},"end":{"line":64,"column":16}},"64":{"start":{"line":65,"column":0},"end":{"line":65,"column":16}},"65":{"start":{"line":66,"column":0},"end":{"line":66,"column":20}},"66":{"start":{"line":67,"column":0},"end":{"line":67,"column":22}},"67":{"start":{"line":68,"column":0},"end":{"line":68,"column":4}},"68":{"start":{"line":69,"column":0},"end":{"line":69,"column":2}},"76":{"start":{"line":77,"column":0},"end":{"line":77,"column":59}},"77":{"start":{"line":78,"column":0},"end":{"line":78,"column":10}},"78":{"start":{"line":79,"column":0},"end":{"line":79,"column":20}},"79":{"start":{"line":80,"column":0},"end":{"line":80,"column":69}},"80":{"start":{"line":81,"column":0},"end":{"line":81,"column":4}},"81":{"start":{"line":82,"column":0},"end":{"line":82,"column":9}},"82":{"start":{"line":83,"column":0},"end":{"line":83,"column":20}},"83":{"start":{"line":84,"column":0},"end":{"line":84,"column":69}},"84":{"start":{"line":85,"column":0},"end":{"line":85,"column":4}},"85":{"start":{"line":86,"column":0},"end":{"line":86,"column":11}},"86":{"start":{"line":87,"column":0},"end":{"line":87,"column":20}},"87":{"start":{"line":88,"column":0},"end":{"line":88,"column":69}},"88":{"start":{"line":89,"column":0},"end":{"line":89,"column":4}},"89":{"start":{"line":90,"column":0},"end":{"line":90,"column":13}},"90":{"start":{"line":91,"column":0},"end":{"line":91,"column":20}},"91":{"start":{"line":92,"column":0},"end":{"line":92,"column":83}},"92":{"start":{"line":93,"column":0},"end":{"line":93,"column":4}},"93":{"start":{"line":94,"column":0},"end":{"line":94,"column":8}},"94":{"start":{"line":95,"column":0},"end":{"line":95,"column":20}},"95":{"start":{"line":96,"column":0},"end":{"line":96,"column":83}},"96":{"start":{"line":97,"column":0},"end":{"line":97,"column":4}},"97":{"start":{"line":98,"column":0},"end":{"line":98,"column":9}},"98":{"start":{"line":99,"column":0},"end":{"line":99,"column":20}},"99":{"start":{"line":100,"column":0},"end":{"line":100,"column":69}},"100":{"start":{"line":101,"column":0},"end":{"line":101,"column":4}},"101":{"start":{"line":102,"column":0},"end":{"line":102,"column":7}},"102":{"start":{"line":103,"column":0},"end":{"line":103,"column":20}},"103":{"start":{"line":104,"column":0},"end":{"line":104,"column":69}},"104":{"start":{"line":105,"column":0},"end":{"line":105,"column":4}},"105":{"start":{"line":106,"column":0},"end":{"line":106,"column":12}},"106":{"start":{"line":107,"column":0},"end":{"line":107,"column":20}},"107":{"start":{"line":108,"column":0},"end":{"line":108,"column":69}},"108":{"start":{"line":109,"column":0},"end":{"line":109,"column":4}},"109":{"start":{"line":110,"column":0},"end":{"line":110,"column":2}},"115":{"start":{"line":116,"column":0},"end":{"line":116,"column":67}},"116":{"start":{"line":117,"column":0},"end":{"line":117,"column":13}},"117":{"start":{"line":118,"column":0},"end":{"line":118,"column":17}},"118":{"start":{"line":119,"column":0},"end":{"line":119,"column":14}},"119":{"start":{"line":120,"column":0},"end":{"line":120,"column":12}},"120":{"start":{"line":121,"column":0},"end":{"line":121,"column":18}},"121":{"start":{"line":122,"column":0},"end":{"line":122,"column":14}},"122":{"start":{"line":123,"column":0},"end":{"line":123,"column":4}},"123":{"start":{"line":124,"column":0},"end":{"line":124,"column":10}},"124":{"start":{"line":125,"column":0},"end":{"line":125,"column":17}},"125":{"start":{"line":126,"column":0},"end":{"line":126,"column":14}},"126":{"start":{"line":127,"column":0},"end":{"line":127,"column":13}},"127":{"start":{"line":128,"column":0},"end":{"line":128,"column":18}},"128":{"start":{"line":129,"column":0},"end":{"line":129,"column":15}},"129":{"start":{"line":130,"column":0},"end":{"line":130,"column":4}},"130":{"start":{"line":131,"column":0},"end":{"line":131,"column":9}},"131":{"start":{"line":132,"column":0},"end":{"line":132,"column":17}},"132":{"start":{"line":133,"column":0},"end":{"line":133,"column":14}},"133":{"start":{"line":134,"column":0},"end":{"line":134,"column":13}},"134":{"start":{"line":135,"column":0},"end":{"line":135,"column":18}},"135":{"start":{"line":136,"column":0},"end":{"line":136,"column":15}},"136":{"start":{"line":137,"column":0},"end":{"line":137,"column":4}},"137":{"start":{"line":138,"column":0},"end":{"line":138,"column":14}},"138":{"start":{"line":139,"column":0},"end":{"line":139,"column":17}},"139":{"start":{"line":140,"column":0},"end":{"line":140,"column":14}},"140":{"start":{"line":141,"column":0},"end":{"line":141,"column":13}},"141":{"start":{"line":142,"column":0},"end":{"line":142,"column":18}},"142":{"start":{"line":143,"column":0},"end":{"line":143,"column":15}},"143":{"start":{"line":144,"column":0},"end":{"line":144,"column":4}},"144":{"start":{"line":145,"column":0},"end":{"line":145,"column":11}},"145":{"start":{"line":146,"column":0},"end":{"line":146,"column":17}},"146":{"start":{"line":147,"column":0},"end":{"line":147,"column":14}},"147":{"start":{"line":148,"column":0},"end":{"line":148,"column":13}},"148":{"start":{"line":149,"column":0},"end":{"line":149,"column":18}},"149":{"start":{"line":150,"column":0},"end":{"line":150,"column":15}},"150":{"start":{"line":151,"column":0},"end":{"line":151,"column":4}},"151":{"start":{"line":152,"column":0},"end":{"line":152,"column":2}},"154":{"start":{"line":155,"column":0},"end":{"line":155,"column":84}},"155":{"start":{"line":156,"column":0},"end":{"line":156,"column":40}},"158":{"start":{"line":159,"column":0},"end":{"line":159,"column":36}}},"s":{"22":1,"23":1,"24":1,"25":1,"26":1,"27":1,"28":1,"29":1,"30":1,"31":1,"32":1,"33":1,"34":1,"35":1,"36":1,"37":1,"38":1,"39":1,"40":1,"41":1,"42":1,"43":1,"44":1,"45":1,"46":1,"47":1,"48":1,"49":1,"50":1,"51":1,"52":1,"53":1,"54":1,"55":1,"56":1,"57":1,"58":1,"59":1,"60":1,"61":1,"62":1,"63":1,"64":1,"65":1,"66":1,"67":1,"68":1,"76":1,"77":1,"78":1,"79":1,"80":1,"81":1,"82":1,"83":1,"84":1,"85":1,"86":1,"87":1,"88":1,"89":1,"90":1,"91":1,"92":1,"93":1,"94":1,"95":1,"96":1,"97":1,"98":1,"99":1,"100":1,"101":1,"102":1,"103":1,"104":1,"105":1,"106":1,"107":1,"108":1,"109":1,"115":1,"116":1,"117":1,"118":1,"119":1,"120":1,"121":1,"122":1,"123":1,"124":1,"125":1,"126":1,"127":1,"128":1,"129":1,"130":1,"131":1,"132":1,"133":1,"134":1,"135":1,"136":1,"137":1,"138":1,"139":1,"140":1,"141":1,"142":1,"143":1,"144":1,"145":1,"146":1,"147":1,"148":1,"149":1,"150":1,"151":1,"154":1,"155":1,"158":1},"branchMap":{},"b":{},"fnMap":{},"f":{}}
,"/Users/joesmith/Code/bats/src/engine/ai/random.ts": {"path":"/Users/joesmith/Code/bats/src/engine/ai/random.ts","all":true,"statementMap":{"1":{"start":{"line":2,"column":0},"end":{"line":2,"column":10}}},"s":{"1":0},"branchMap":{"0":{"type":"branch","line":1,"loc":{"start":{"line":1,"column":72},"end":{"line":2,"column":10}},"locations":[{"start":{"line":1,"column":72},"end":{"line":2,"column":10}}]}},"b":{"0":[1]},"fnMap":{"0":{"name":"(empty-report)","decl":{"start":{"line":1,"column":72},"end":{"line":2,"column":10}},"loc":{"start":{"line":1,"column":72},"end":{"line":2,"column":10}},"line":1}},"f":{"0":1}}
,"/Users/joesmith/Code/bats/src/engine/ai/roles.ts": {"path":"/Users/joesmith/Code/bats/src/engine/ai/roles.ts","all":true,"statementMap":{"1":{"start":{"line":2,"column":0},"end":{"line":2,"column":10}}},"s":{"1":0},"branchMap":{"0":{"type":"branch","line":1,"loc":{"start":{"line":1,"column":59},"end":{"line":2,"column":10}},"locations":[{"start":{"line":1,"column":59},"end":{"line":2,"column":10}}]}},"b":{"0":[1]},"fnMap":{"0":{"name":"(empty-report)","decl":{"start":{"line":1,"column":59},"end":{"line":2,"column":10}},"loc":{"start":{"line":1,"column":59},"end":{"line":2,"column":10}},"line":1}},"f":{"0":1}}
,"/Users/joesmith/Code/bats/src/engine/ai/threatMap.ts": {"path":"/Users/joesmith/Code/bats/src/engine/ai/threatMap.ts","all":true,"statementMap":{"1":{"start":{"line":2,"column":0},"end":{"line":2,"column":10}}},"s":{"1":0},"branchMap":{"0":{"type":"branch","line":1,"loc":{"start":{"line":1,"column":71},"end":{"line":2,"column":10}},"locations":[{"start":{"line":1,"column":71},"end":{"line":2,"column":10}}]}},"b":{"0":[1]},"fnMap":{"0":{"name":"(empty-report)","decl":{"start":{"line":1,"column":71},"end":{"line":2,"column":10}},"loc":{"start":{"line":1,"column":71},"end":{"line":2,"column":10}},"line":1}},"f":{"0":1}}
,"/Users/joesmith/Code/bats/src/engine/ai/types.ts": {"path":"/Users/joesmith/Code/bats/src/engine/ai/types.ts","all":true,"statementMap":{"1":{"start":{"line":2,"column":0},"end":{"line":2,"column":10}}},"s":{"1":0},"branchMap":{"0":{"type":"branch","line":1,"loc":{"start":{"line":1,"column":49},"end":{"line":2,"column":10}},"locations":[{"start":{"line":1,"column":49},"end":{"line":2,"column":10}}]}},"b":{"0":[1]},"fnMap":{"0":{"name":"(empty-report)","decl":{"start":{"line":1,"column":49},"end":{"line":2,"column":10}},"loc":{"start":{"line":1,"column":49},"end":{"line":2,"column":10}},"line":1}},"f":{"0":1}}
,"/Users/joesmith/Code/bats/src/engine/ai/utility.ts": {"path":"/Users/joesmith/Code/bats/src/engine/ai/utility.ts","all":true,"statementMap":{"1":{"start":{"line":2,"column":0},"end":{"line":2,"column":10}}},"s":{"1":0},"branchMap":{"0":{"type":"branch","line":1,"loc":{"start":{"line":1,"column":62},"end":{"line":2,"column":10}},"locations":[{"start":{"line":1,"column":62},"end":{"line":2,"column":10}}]}},"b":{"0":[1]},"fnMap":{"0":{"name":"(empty-report)","decl":{"start":{"line":1,"column":62},"end":{"line":2,"column":10}},"loc":{"start":{"line":1,"column":62},"end":{"line":2,"column":10}},"line":1}},"f":{"0":1}}
,"/Users/joesmith/Code/bats/src/engine/core/initial-state.ts": {"path":"/Users/joesmith/Code/bats/src/engine/core/initial-state.ts","all":false,"statementMap":{"41":{"start":{"line":42,"column":0},"end":{"line":42,"column":69}},"42":{"start":{"line":43,"column":0},"end":{"line":43,"column":69}},"43":{"start":{"line":44,"column":0},"end":{"line":44,"column":27}},"44":{"start":{"line":45,"column":0},"end":{"line":45,"column":41}},"45":{"start":{"line":46,"column":0},"end":{"line":46,"column":27}},"46":{"start":{"line":47,"column":0},"end":{"line":47,"column":42}},"47":{"start":{"line":48,"column":0},"end":{"line":48,"column":57}},"48":{"start":{"line":49,"column":0},"end":{"line":49,"column":5}},"49":{"start":{"line":50,"column":0},"end":{"line":50,"column":18}},"50":{"start":{"line":51,"column":0},"end":{"line":51,"column":3}},"53":{"start":{"line":54,"column":0},"end":{"line":54,"column":42}},"54":{"start":{"line":55,"column":0},"end":{"line":55,"column":27}},"55":{"start":{"line":56,"column":0},"end":{"line":56,"column":73}},"56":{"start":{"line":57,"column":0},"end":{"line":57,"column":43}},"57":{"start":{"line":58,"column":0},"end":{"line":58,"column":65}},"58":{"start":{"line":59,"column":0},"end":{"line":59,"column":5}},"59":{"start":{"line":60,"column":0},"end":{"line":60,"column":42}},"60":{"start":{"line":61,"column":0},"end":{"line":61,"column":3}},"63":{"start":{"line":64,"column":0},"end":{"line":64,"column":37}},"64":{"start":{"line":65,"column":0},"end":{"line":65,"column":29}},"65":{"start":{"line":66,"column":0},"end":{"line":66,"column":84}},"66":{"start":{"line":67,"column":0},"end":{"line":67,"column":47}},"67":{"start":{"line":68,"column":0},"end":{"line":68,"column":76}},"68":{"start":{"line":69,"column":0},"end":{"line":69,"column":5}},"69":{"start":{"line":70,"column":0},"end":{"line":70,"column":66}},"70":{"start":{"line":71,"column":0},"end":{"line":71,"column":3}},"72":{"start":{"line":73,"column":0},"end":{"line":73,"column":41}},"73":{"start":{"line":74,"column":0},"end":{"line":74,"column":15}},"74":{"start":{"line":75,"column":0},"end":{"line":75,"column":37}},"75":{"start":{"line":76,"column":0},"end":{"line":76,"column":28}},"76":{"start":{"line":77,"column":0},"end":{"line":77,"column":17}},"77":{"start":{"line":78,"column":0},"end":{"line":78,"column":9}},"78":{"start":{"line":79,"column":0},"end":{"line":79,"column":19}},"79":{"start":{"line":80,"column":0},"end":{"line":80,"column":21}},"80":{"start":{"line":81,"column":0},"end":{"line":81,"column":38}},"81":{"start":{"line":82,"column":0},"end":{"line":82,"column":22}},"82":{"start":{"line":83,"column":0},"end":{"line":83,"column":22}},"83":{"start":{"line":84,"column":0},"end":{"line":84,"column":22}},"84":{"start":{"line":85,"column":0},"end":{"line":85,"column":25}},"85":{"start":{"line":86,"column":0},"end":{"line":86,"column":6}},"86":{"start":{"line":87,"column":0},"end":{"line":87,"column":3}},"88":{"start":{"line":89,"column":0},"end":{"line":89,"column":86}},"89":{"start":{"line":90,"column":0},"end":{"line":90,"column":17}},"90":{"start":{"line":91,"column":0},"end":{"line":91,"column":22}},"91":{"start":{"line":92,"column":0},"end":{"line":92,"column":42}},"92":{"start":{"line":93,"column":0},"end":{"line":93,"column":39}},"93":{"start":{"line":94,"column":0},"end":{"line":94,"column":8}},"94":{"start":{"line":95,"column":0},"end":{"line":95,"column":17}},"95":{"start":{"line":96,"column":0},"end":{"line":96,"column":6}},"96":{"start":{"line":97,"column":0},"end":{"line":97,"column":57}},"97":{"start":{"line":98,"column":0},"end":{"line":98,"column":4}},"100":{"start":{"line":101,"column":0},"end":{"line":101,"column":69}},"101":{"start":{"line":102,"column":0},"end":{"line":102,"column":67}},"102":{"start":{"line":103,"column":0},"end":{"line":103,"column":3}},"104":{"start":{"line":105,"column":0},"end":{"line":105,"column":10}},"105":{"start":{"line":106,"column":0},"end":{"line":106,"column":12}},"106":{"start":{"line":107,"column":0},"end":{"line":107,"column":21}},"107":{"start":{"line":108,"column":0},"end":{"line":108,"column":8}},"108":{"start":{"line":109,"column":0},"end":{"line":109,"column":10}},"109":{"start":{"line":110,"column":0},"end":{"line":110,"column":25}},"110":{"start":{"line":111,"column":0},"end":{"line":111,"column":18}},"111":{"start":{"line":112,"column":0},"end":{"line":112,"column":17}},"112":{"start":{"line":113,"column":0},"end":{"line":113,"column":21}},"113":{"start":{"line":114,"column":0},"end":{"line":114,"column":4}},"114":{"start":{"line":115,"column":0},"end":{"line":115,"column":1}}},"s":{"41":1,"42":125,"43":125,"44":125,"45":155,"46":155,"47":627,"48":627,"49":155,"50":155,"53":125,"54":248,"55":248,"56":248,"57":1,"58":1,"59":246,"60":246,"63":125,"64":57,"65":57,"66":57,"67":1,"68":1,"69":57,"70":57,"72":121,"73":121,"74":125,"75":210,"76":210,"77":210,"78":210,"79":210,"80":210,"81":210,"82":210,"83":210,"84":210,"85":210,"86":210,"88":121,"89":121,"90":242,"91":242,"92":242,"93":242,"94":242,"95":242,"96":121,"97":121,"100":125,"101":1,"102":1,"104":120,"105":120,"106":120,"107":120,"108":120,"109":120,"110":120,"111":120,"112":120,"113":120,"114":120},"branchMap":{"0":{"type":"branch","line":42,"loc":{"start":{"line":42,"column":7},"end":{"line":115,"column":1}},"locations":[{"start":{"line":42,"column":7},"end":{"line":115,"column":1}}]},"1":{"type":"branch","line":43,"loc":{"start":{"line":43,"column":43},"end":{"line":43,"column":69}},"locations":[{"start":{"line":43,"column":43},"end":{"line":43,"column":69}}]},"2":{"type":"branch","line":45,"loc":{"start":{"line":45,"column":40},"end":{"line":51,"column":3}},"locations":[{"start":{"line":45,"column":40},"end":{"line":51,"column":3}}]},"3":{"type":"branch","line":47,"loc":{"start":{"line":47,"column":41},"end":{"line":49,"column":5}},"locations":[{"start":{"line":47,"column":41},"end":{"line":49,"column":5}}]},"4":{"type":"branch","line":54,"loc":{"start":{"line":54,"column":41},"end":{"line":61,"column":3}},"locations":[{"start":{"line":54,"column":41},"end":{"line":61,"column":3}}]},"5":{"type":"branch","line":56,"loc":{"start":{"line":56,"column":14},"end":{"line":56,"column":73}},"locations":[{"start":{"line":56,"column":14},"end":{"line":56,"column":73}}]},"6":{"type":"branch","line":56,"loc":{"start":{"line":56,"column":71},"end":{"line":57,"column":21}},"locations":[{"start":{"line":56,"column":71},"end":{"line":57,"column":21}}]},"7":{"type":"branch","line":57,"loc":{"start":{"line":57,"column":16},"end":{"line":57,"column":42}},"locations":[{"start":{"line":57,"column":16},"end":{"line":57,"column":42}}]},"8":{"type":"branch","line":57,"loc":{"start":{"line":57,"column":42},"end":{"line":59,"column":5}},"locations":[{"start":{"line":57,"column":42},"end":{"line":59,"column":5}}]},"9":{"type":"branch","line":59,"loc":{"start":{"line":59,"column":4},"end":{"line":61,"column":3}},"locations":[{"start":{"line":59,"column":4},"end":{"line":61,"column":3}}]},"10":{"type":"branch","line":61,"loc":{"start":{"line":61,"column":2},"end":{"line":64,"column":32}},"locations":[{"start":{"line":61,"column":2},"end":{"line":64,"column":32}}]},"11":{"type":"branch","line":64,"loc":{"start":{"line":64,"column":23},"end":{"line":64,"column":36}},"locations":[{"start":{"line":64,"column":23},"end":{"line":64,"column":36}}]},"12":{"type":"branch","line":64,"loc":{"start":{"line":64,"column":36},"end":{"line":71,"column":3}},"locations":[{"start":{"line":64,"column":36},"end":{"line":71,"column":3}}]},"13":{"type":"branch","line":66,"loc":{"start":{"line":66,"column":14},"end":{"line":67,"column":46}},"locations":[{"start":{"line":66,"column":14},"end":{"line":67,"column":46}}]},"14":{"type":"branch","line":66,"loc":{"start":{"line":66,"column":14},"end":{"line":66,"column":84}},"locations":[{"start":{"line":66,"column":14},"end":{"line":66,"column":84}}]},"15":{"type":"branch","line":67,"loc":{"start":{"line":67,"column":46},"end":{"line":69,"column":5}},"locations":[{"start":{"line":67,"column":46},"end":{"line":69,"column":5}}]},"16":{"type":"branch","line":69,"loc":{"start":{"line":69,"column":4},"end":{"line":70,"column":64}},"locations":[{"start":{"line":69,"column":4},"end":{"line":70,"column":64}}]},"17":{"type":"branch","line":70,"loc":{"start":{"line":70,"column":50},"end":{"line":70,"column":64}},"locations":[{"start":{"line":70,"column":50},"end":{"line":70,"column":64}}]},"18":{"type":"branch","line":71,"loc":{"start":{"line":71,"column":2},"end":{"line":75,"column":32}},"locations":[{"start":{"line":71,"column":2},"end":{"line":75,"column":32}}]},"19":{"type":"branch","line":75,"loc":{"start":{"line":75,"column":23},"end":{"line":75,"column":36}},"locations":[{"start":{"line":75,"column":23},"end":{"line":75,"column":36}}]},"20":{"type":"branch","line":75,"loc":{"start":{"line":75,"column":36},"end":{"line":87,"column":3}},"locations":[{"start":{"line":75,"column":36},"end":{"line":87,"column":3}}]},"21":{"type":"branch","line":82,"loc":{"start":{"line":82,"column":12},"end":{"line":82,"column":22}},"locations":[{"start":{"line":82,"column":12},"end":{"line":82,"column":22}}]},"22":{"type":"branch","line":87,"loc":{"start":{"line":87,"column":2},"end":{"line":101,"column":68}},"locations":[{"start":{"line":87,"column":2},"end":{"line":101,"column":68}}]},"23":{"type":"branch","line":101,"loc":{"start":{"line":101,"column":68},"end":{"line":103,"column":3}},"locations":[{"start":{"line":101,"column":68},"end":{"line":103,"column":3}}]},"24":{"type":"branch","line":103,"loc":{"start":{"line":103,"column":2},"end":{"line":115,"column":1}},"locations":[{"start":{"line":103,"column":2},"end":{"line":115,"column":1}}]},"25":{"type":"branch","line":90,"loc":{"start":{"line":90,"column":4},"end":{"line":96,"column":6}},"locations":[{"start":{"line":90,"column":4},"end":{"line":96,"column":6}}]},"26":{"type":"branch","line":92,"loc":{"start":{"line":92,"column":20},"end":{"line":92,"column":40}},"locations":[{"start":{"line":92,"column":20},"end":{"line":92,"column":40}}]},"27":{"type":"branch","line":92,"loc":{"start":{"line":92,"column":35},"end":{"line":92,"column":42}},"locations":[{"start":{"line":92,"column":35},"end":{"line":92,"column":42}}]}},"b":{"0":[125],"1":[68],"2":[155],"3":[627],"4":[248],"5":[1],"6":[247],"7":[246],"8":[1],"9":[246],"10":[123],"11":[62],"12":[57],"13":[56],"14":[1],"15":[1],"16":[55],"17":[23],"18":[121],"19":[5],"20":[210],"21":[172],"22":[121],"23":[1],"24":[120],"25":[242],"26":[44],"27":[219]},"fnMap":{"0":{"name":"createInitialState","decl":{"start":{"line":42,"column":7},"end":{"line":115,"column":1}},"loc":{"start":{"line":42,"column":7},"end":{"line":115,"column":1}},"line":42}},"f":{"0":125}}
,"/Users/joesmith/Code/bats/src/engine/core/logger.ts": {"path":"/Users/joesmith/Code/bats/src/engine/core/logger.ts","all":false,"statementMap":{"13":{"start":{"line":14,"column":0},"end":{"line":14,"column":47}},"14":{"start":{"line":15,"column":0},"end":{"line":15,"column":15}},"15":{"start":{"line":16,"column":0},"end":{"line":16,"column":11}},"16":{"start":{"line":17,"column":0},"end":{"line":17,"column":16}},"17":{"start":{"line":18,"column":0},"end":{"line":18,"column":2}},"19":{"start":{"line":20,"column":0},"end":{"line":20,"column":76}},"20":{"start":{"line":21,"column":0},"end":{"line":21,"column":28}},"21":{"start":{"line":22,"column":0},"end":{"line":22,"column":1}},"23":{"start":{"line":24,"column":0},"end":{"line":24,"column":62}},"24":{"start":{"line":25,"column":0},"end":{"line":25,"column":27}},"25":{"start":{"line":26,"column":0},"end":{"line":26,"column":1}},"27":{"start":{"line":28,"column":0},"end":{"line":28,"column":70}},"28":{"start":{"line":29,"column":0},"end":{"line":29,"column":33}},"29":{"start":{"line":30,"column":0},"end":{"line":30,"column":38}},"30":{"start":{"line":31,"column":0},"end":{"line":31,"column":47}},"31":{"start":{"line":32,"column":0},"end":{"line":32,"column":1}}},"s":{"13":1,"14":1,"15":1,"16":1,"17":1,"19":1,"20":51,"21":51,"23":1,"24":2,"25":2,"27":1,"28":429,"29":0,"30":0,"31":0},"branchMap":{"0":{"type":"branch","line":20,"loc":{"start":{"line":20,"column":7},"end":{"line":22,"column":1}},"locations":[{"start":{"line":20,"column":7},"end":{"line":22,"column":1}}]},"1":{"type":"branch","line":24,"loc":{"start":{"line":24,"column":7},"end":{"line":26,"column":1}},"locations":[{"start":{"line":24,"column":7},"end":{"line":26,"column":1}}]},"2":{"type":"branch","line":28,"loc":{"start":{"line":28,"column":7},"end":{"line":32,"column":1}},"locations":[{"start":{"line":28,"column":7},"end":{"line":32,"column":1}}]},"3":{"type":"branch","line":29,"loc":{"start":{"line":29,"column":26},"end":{"line":32,"column":1}},"locations":[{"start":{"line":29,"column":26},"end":{"line":32,"column":1}}]}},"b":{"0":[51],"1":[2],"2":[429],"3":[0]},"fnMap":{"0":{"name":"setLogEnabled","decl":{"start":{"line":20,"column":7},"end":{"line":22,"column":1}},"loc":{"start":{"line":20,"column":7},"end":{"line":22,"column":1}},"line":20},"1":{"name":"isLogEnabled","decl":{"start":{"line":24,"column":7},"end":{"line":26,"column":1}},"loc":{"start":{"line":24,"column":7},"end":{"line":26,"column":1}},"line":24},"2":{"name":"log","decl":{"start":{"line":28,"column":7},"end":{"line":32,"column":1}},"loc":{"start":{"line":28,"column":7},"end":{"line":32,"column":1}},"line":28}},"f":{"0":51,"1":2,"2":429}}
,"/Users/joesmith/Code/bats/src/engine/core/reducer.ts": {"path":"/Users/joesmith/Code/bats/src/engine/core/reducer.ts","all":false,"statementMap":{"0":{"start":{"line":1,"column":0},"end":{"line":1,"column":41}},"37":{"start":{"line":38,"column":0},"end":{"line":38,"column":69}},"38":{"start":{"line":39,"column":0},"end":{"line":39,"column":45}},"39":{"start":{"line":40,"column":0},"end":{"line":40,"column":30}},"40":{"start":{"line":41,"column":0},"end":{"line":41,"column":70}},"41":{"start":{"line":42,"column":0},"end":{"line":42,"column":17}},"42":{"start":{"line":43,"column":0},"end":{"line":43,"column":3}},"43":{"start":{"line":44,"column":0},"end":{"line":44,"column":48}},"44":{"start":{"line":45,"column":0},"end":{"line":45,"column":24}},"45":{"start":{"line":46,"column":0},"end":{"line":46,"column":74}},"46":{"start":{"line":47,"column":0},"end":{"line":47,"column":17}},"47":{"start":{"line":48,"column":0},"end":{"line":48,"column":3}},"49":{"start":{"line":50,"column":0},"end":{"line":50,"column":49}},"51":{"start":{"line":52,"column":0},"end":{"line":52,"column":24}},"52":{"start":{"line":53,"column":0},"end":{"line":53,"column":16}},"53":{"start":{"line":54,"column":0},"end":{"line":54,"column":30}},"54":{"start":{"line":55,"column":0},"end":{"line":55,"column":12}},"55":{"start":{"line":56,"column":0},"end":{"line":56,"column":18}},"56":{"start":{"line":57,"column":0},"end":{"line":57,"column":32}},"57":{"start":{"line":58,"column":0},"end":{"line":58,"column":12}},"58":{"start":{"line":59,"column":0},"end":{"line":59,"column":19}},"59":{"start":{"line":60,"column":0},"end":{"line":60,"column":33}},"60":{"start":{"line":61,"column":0},"end":{"line":61,"column":12}},"61":{"start":{"line":62,"column":0},"end":{"line":62,"column":17}},"62":{"start":{"line":63,"column":0},"end":{"line":63,"column":31}},"63":{"start":{"line":64,"column":0},"end":{"line":64,"column":12}},"64":{"start":{"line":65,"column":0},"end":{"line":65,"column":16}},"65":{"start":{"line":66,"column":0},"end":{"line":66,"column":30}},"66":{"start":{"line":67,"column":0},"end":{"line":67,"column":12}},"67":{"start":{"line":68,"column":0},"end":{"line":68,"column":20}},"68":{"start":{"line":69,"column":0},"end":{"line":69,"column":25}},"69":{"start":{"line":70,"column":0},"end":{"line":70,"column":12}},"70":{"start":{"line":71,"column":0},"end":{"line":71,"column":3}},"73":{"start":{"line":74,"column":0},"end":{"line":74,"column":35}},"74":{"start":{"line":75,"column":0},"end":{"line":75,"column":48}},"75":{"start":{"line":76,"column":0},"end":{"line":76,"column":25}},"76":{"start":{"line":77,"column":0},"end":{"line":77,"column":44}},"77":{"start":{"line":78,"column":0},"end":{"line":78,"column":3}},"78":{"start":{"line":79,"column":0},"end":{"line":79,"column":14}},"79":{"start":{"line":80,"column":0},"end":{"line":80,"column":1}},"81":{"start":{"line":82,"column":0},"end":{"line":82,"column":19}},"82":{"start":{"line":83,"column":0},"end":{"line":83,"column":19}},"83":{"start":{"line":84,"column":0},"end":{"line":84,"column":44}},"84":{"start":{"line":85,"column":0},"end":{"line":85,"column":9}},"85":{"start":{"line":86,"column":0},"end":{"line":86,"column":39}},"86":{"start":{"line":87,"column":0},"end":{"line":87,"column":17}},"87":{"start":{"line":88,"column":0},"end":{"line":88,"column":48}},"88":{"start":{"line":89,"column":0},"end":{"line":89,"column":14}},"90":{"start":{"line":91,"column":0},"end":{"line":91,"column":75}},"91":{"start":{"line":92,"column":0},"end":{"line":92,"column":11}},"92":{"start":{"line":93,"column":0},"end":{"line":93,"column":3}},"93":{"start":{"line":94,"column":0},"end":{"line":94,"column":51}},"94":{"start":{"line":95,"column":0},"end":{"line":95,"column":20}},"95":{"start":{"line":96,"column":0},"end":{"line":96,"column":41}},"96":{"start":{"line":97,"column":0},"end":{"line":97,"column":35}},"97":{"start":{"line":98,"column":0},"end":{"line":98,"column":20}},"98":{"start":{"line":99,"column":0},"end":{"line":99,"column":32}},"99":{"start":{"line":100,"column":0},"end":{"line":100,"column":69}},"100":{"start":{"line":101,"column":0},"end":{"line":101,"column":1}},"102":{"start":{"line":103,"column":0},"end":{"line":103,"column":21}},"103":{"start":{"line":104,"column":0},"end":{"line":104,"column":19}},"104":{"start":{"line":105,"column":0},"end":{"line":105,"column":46}},"105":{"start":{"line":106,"column":0},"end":{"line":106,"column":9}},"106":{"start":{"line":107,"column":0},"end":{"line":107,"column":43}},"107":{"start":{"line":108,"column":0},"end":{"line":108,"column":41}},"108":{"start":{"line":109,"column":0},"end":{"line":109,"column":23}},"109":{"start":{"line":110,"column":0},"end":{"line":110,"column":41}},"111":{"start":{"line":112,"column":0},"end":{"line":112,"column":30}},"112":{"start":{"line":113,"column":0},"end":{"line":113,"column":29}},"113":{"start":{"line":114,"column":0},"end":{"line":114,"column":3}},"114":{"start":{"line":115,"column":0},"end":{"line":115,"column":30}},"115":{"start":{"line":116,"column":0},"end":{"line":116,"column":29}},"116":{"start":{"line":117,"column":0},"end":{"line":117,"column":52}},"117":{"start":{"line":118,"column":0},"end":{"line":118,"column":3}},"118":{"start":{"line":119,"column":0},"end":{"line":119,"column":20}},"119":{"start":{"line":120,"column":0},"end":{"line":120,"column":20}},"120":{"start":{"line":121,"column":0},"end":{"line":121,"column":1}},"122":{"start":{"line":123,"column":0},"end":{"line":123,"column":22}},"123":{"start":{"line":124,"column":0},"end":{"line":124,"column":19}},"124":{"start":{"line":125,"column":0},"end":{"line":125,"column":47}},"125":{"start":{"line":126,"column":0},"end":{"line":126,"column":9}},"126":{"start":{"line":127,"column":0},"end":{"line":127,"column":39}},"127":{"start":{"line":128,"column":0},"end":{"line":128,"column":17}},"128":{"start":{"line":129,"column":0},"end":{"line":129,"column":27}},"129":{"start":{"line":130,"column":0},"end":{"line":130,"column":20}},"130":{"start":{"line":131,"column":0},"end":{"line":131,"column":20}},"131":{"start":{"line":132,"column":0},"end":{"line":132,"column":1}},"133":{"start":{"line":134,"column":0},"end":{"line":134,"column":20}},"134":{"start":{"line":135,"column":0},"end":{"line":135,"column":19}},"135":{"start":{"line":136,"column":0},"end":{"line":136,"column":45}},"136":{"start":{"line":137,"column":0},"end":{"line":137,"column":9}},"137":{"start":{"line":138,"column":0},"end":{"line":138,"column":43}},"138":{"start":{"line":139,"column":0},"end":{"line":139,"column":41}},"139":{"start":{"line":140,"column":0},"end":{"line":140,"column":19}},"140":{"start":{"line":141,"column":0},"end":{"line":141,"column":46}},"141":{"start":{"line":142,"column":0},"end":{"line":142,"column":22}},"142":{"start":{"line":143,"column":0},"end":{"line":143,"column":7}},"143":{"start":{"line":144,"column":0},"end":{"line":144,"column":26}},"144":{"start":{"line":145,"column":0},"end":{"line":145,"column":24}},"145":{"start":{"line":146,"column":0},"end":{"line":146,"column":44}},"146":{"start":{"line":147,"column":0},"end":{"line":147,"column":12}},"147":{"start":{"line":148,"column":0},"end":{"line":148,"column":19}},"148":{"start":{"line":149,"column":0},"end":{"line":149,"column":19}},"149":{"start":{"line":150,"column":0},"end":{"line":150,"column":23}},"150":{"start":{"line":151,"column":0},"end":{"line":151,"column":4}},"151":{"start":{"line":152,"column":0},"end":{"line":152,"column":25}},"152":{"start":{"line":153,"column":0},"end":{"line":153,"column":82}},"153":{"start":{"line":154,"column":0},"end":{"line":154,"column":1}},"155":{"start":{"line":156,"column":0},"end":{"line":156,"column":19}},"156":{"start":{"line":157,"column":0},"end":{"line":157,"column":19}},"157":{"start":{"line":158,"column":0},"end":{"line":158,"column":44}},"158":{"start":{"line":159,"column":0},"end":{"line":159,"column":9}},"159":{"start":{"line":160,"column":0},"end":{"line":160,"column":39}},"160":{"start":{"line":161,"column":0},"end":{"line":161,"column":17}},"161":{"start":{"line":162,"column":0},"end":{"line":162,"column":20}},"162":{"start":{"line":163,"column":0},"end":{"line":163,"column":20}},"163":{"start":{"line":164,"column":0},"end":{"line":164,"column":45}},"164":{"start":{"line":165,"column":0},"end":{"line":165,"column":1}},"166":{"start":{"line":167,"column":0},"end":{"line":167,"column":47}},"168":{"start":{"line":169,"column":0},"end":{"line":169,"column":42}},"170":{"start":{"line":171,"column":0},"end":{"line":171,"column":64}},"171":{"start":{"line":172,"column":0},"end":{"line":172,"column":35}},"175":{"start":{"line":176,"column":0},"end":{"line":176,"column":47}},"176":{"start":{"line":177,"column":0},"end":{"line":177,"column":41}},"177":{"start":{"line":178,"column":0},"end":{"line":178,"column":23}},"178":{"start":{"line":179,"column":0},"end":{"line":179,"column":23}},"179":{"start":{"line":180,"column":0},"end":{"line":180,"column":42}},"180":{"start":{"line":181,"column":0},"end":{"line":181,"column":64}},"181":{"start":{"line":182,"column":0},"end":{"line":182,"column":28}},"182":{"start":{"line":183,"column":0},"end":{"line":183,"column":5}},"183":{"start":{"line":184,"column":0},"end":{"line":184,"column":3}},"185":{"start":{"line":186,"column":0},"end":{"line":186,"column":18}},"186":{"start":{"line":187,"column":0},"end":{"line":187,"column":31}},"187":{"start":{"line":188,"column":0},"end":{"line":188,"column":42}},"188":{"start":{"line":189,"column":0},"end":{"line":189,"column":21}},"189":{"start":{"line":190,"column":0},"end":{"line":190,"column":5}},"190":{"start":{"line":191,"column":0},"end":{"line":191,"column":1}}},"s":{"0":1,"37":1,"38":165,"39":165,"40":10,"41":10,"42":10,"43":155,"44":165,"45":39,"46":39,"47":39,"49":115,"51":115,"52":165,"53":16,"54":16,"55":165,"56":16,"57":16,"58":165,"59":22,"60":22,"61":165,"62":14,"63":14,"64":165,"65":6,"66":6,"67":165,"68":41,"69":41,"70":165,"73":115,"74":165,"75":16,"76":16,"77":16,"78":115,"79":115,"81":16,"82":16,"83":16,"84":16,"85":16,"86":16,"87":16,"88":16,"90":0,"91":0,"92":0,"93":16,"94":16,"95":16,"96":16,"97":16,"98":16,"99":16,"100":16,"102":16,"103":16,"104":16,"105":16,"106":16,"107":16,"108":16,"109":16,"111":16,"112":8,"113":8,"114":16,"115":1,"116":1,"117":1,"118":15,"119":15,"120":15,"122":22,"123":22,"124":22,"125":22,"126":22,"127":22,"128":22,"129":22,"130":22,"131":22,"133":14,"134":14,"135":14,"136":14,"137":14,"138":14,"139":14,"140":14,"141":14,"142":14,"143":14,"144":14,"145":14,"146":14,"147":14,"148":14,"149":14,"150":14,"151":14,"152":14,"153":14,"155":6,"156":6,"157":6,"158":6,"159":6,"160":6,"161":6,"162":6,"163":6,"164":6,"166":41,"168":41,"170":41,"171":41,"175":41,"176":91,"177":45,"178":45,"179":45,"180":91,"181":30,"182":30,"183":91,"185":41,"186":41,"187":41,"188":41,"189":41,"190":41},"branchMap":{"0":{"type":"branch","line":38,"loc":{"start":{"line":38,"column":7},"end":{"line":80,"column":1}},"locations":[{"start":{"line":38,"column":7},"end":{"line":80,"column":1}}]},"1":{"type":"branch","line":40,"loc":{"start":{"line":40,"column":29},"end":{"line":43,"column":3}},"locations":[{"start":{"line":40,"column":29},"end":{"line":43,"column":3}}]},"2":{"type":"branch","line":43,"loc":{"start":{"line":43,"column":2},"end":{"line":45,"column":23}},"locations":[{"start":{"line":43,"column":2},"end":{"line":45,"column":23}}]},"3":{"type":"branch","line":45,"loc":{"start":{"line":45,"column":23},"end":{"line":52,"column":24}},"locations":[{"start":{"line":45,"column":23},"end":{"line":52,"column":24}}]},"4":{"type":"branch","line":45,"loc":{"start":{"line":45,"column":23},"end":{"line":48,"column":3}},"locations":[{"start":{"line":45,"column":23},"end":{"line":48,"column":3}}]},"5":{"type":"branch","line":48,"loc":{"start":{"line":48,"column":2},"end":{"line":52,"column":24}},"locations":[{"start":{"line":48,"column":2},"end":{"line":52,"column":24}}]},"6":{"type":"branch","line":53,"loc":{"start":{"line":53,"column":4},"end":{"line":55,"column":12}},"locations":[{"start":{"line":53,"column":4},"end":{"line":55,"column":12}}]},"7":{"type":"branch","line":56,"loc":{"start":{"line":56,"column":4},"end":{"line":58,"column":12}},"locations":[{"start":{"line":56,"column":4},"end":{"line":58,"column":12}}]},"8":{"type":"branch","line":59,"loc":{"start":{"line":59,"column":4},"end":{"line":61,"column":12}},"locations":[{"start":{"line":59,"column":4},"end":{"line":61,"column":12}}]},"9":{"type":"branch","line":62,"loc":{"start":{"line":62,"column":4},"end":{"line":64,"column":12}},"locations":[{"start":{"line":62,"column":4},"end":{"line":64,"column":12}}]},"10":{"type":"branch","line":65,"loc":{"start":{"line":65,"column":4},"end":{"line":67,"column":12}},"locations":[{"start":{"line":65,"column":4},"end":{"line":67,"column":12}}]},"11":{"type":"branch","line":68,"loc":{"start":{"line":68,"column":4},"end":{"line":70,"column":12}},"locations":[{"start":{"line":68,"column":4},"end":{"line":70,"column":12}}]},"12":{"type":"branch","line":71,"loc":{"start":{"line":71,"column":2},"end":{"line":75,"column":47}},"locations":[{"start":{"line":71,"column":2},"end":{"line":75,"column":47}}]},"13":{"type":"branch","line":71,"loc":{"start":{"line":71,"column":2},"end":{"line":75,"column":25}},"locations":[{"start":{"line":71,"column":2},"end":{"line":75,"column":25}}]},"14":{"type":"branch","line":75,"loc":{"start":{"line":75,"column":17},"end":{"line":75,"column":47}},"locations":[{"start":{"line":75,"column":17},"end":{"line":75,"column":47}}]},"15":{"type":"branch","line":75,"loc":{"start":{"line":75,"column":47},"end":{"line":80,"column":1}},"locations":[{"start":{"line":75,"column":47},"end":{"line":80,"column":1}}]},"16":{"type":"branch","line":75,"loc":{"start":{"line":75,"column":47},"end":{"line":78,"column":3}},"locations":[{"start":{"line":75,"column":47},"end":{"line":78,"column":3}}]},"17":{"type":"branch","line":78,"loc":{"start":{"line":78,"column":2},"end":{"line":80,"column":1}},"locations":[{"start":{"line":78,"column":2},"end":{"line":80,"column":1}}]},"18":{"type":"branch","line":82,"loc":{"start":{"line":82,"column":0},"end":{"line":101,"column":1}},"locations":[{"start":{"line":82,"column":0},"end":{"line":101,"column":1}}]},"19":{"type":"branch","line":87,"loc":{"start":{"line":87,"column":10},"end":{"line":87,"column":17}},"locations":[{"start":{"line":87,"column":10},"end":{"line":87,"column":17}}]},"20":{"type":"branch","line":89,"loc":{"start":{"line":89,"column":13},"end":{"line":93,"column":3}},"locations":[{"start":{"line":89,"column":13},"end":{"line":93,"column":3}}]},"21":{"type":"branch","line":95,"loc":{"start":{"line":95,"column":13},"end":{"line":95,"column":20}},"locations":[{"start":{"line":95,"column":13},"end":{"line":95,"column":20}}]},"22":{"type":"branch","line":103,"loc":{"start":{"line":103,"column":0},"end":{"line":121,"column":1}},"locations":[{"start":{"line":103,"column":0},"end":{"line":121,"column":1}}]},"23":{"type":"branch","line":109,"loc":{"start":{"line":109,"column":16},"end":{"line":109,"column":23}},"locations":[{"start":{"line":109,"column":16},"end":{"line":109,"column":23}}]},"24":{"type":"branch","line":112,"loc":{"start":{"line":112,"column":29},"end":{"line":114,"column":3}},"locations":[{"start":{"line":112,"column":29},"end":{"line":114,"column":3}}]},"25":{"type":"branch","line":115,"loc":{"start":{"line":115,"column":29},"end":{"line":118,"column":3}},"locations":[{"start":{"line":115,"column":29},"end":{"line":118,"column":3}}]},"26":{"type":"branch","line":118,"loc":{"start":{"line":118,"column":2},"end":{"line":121,"column":1}},"locations":[{"start":{"line":118,"column":2},"end":{"line":121,"column":1}}]},"27":{"type":"branch","line":123,"loc":{"start":{"line":123,"column":0},"end":{"line":132,"column":1}},"locations":[{"start":{"line":123,"column":0},"end":{"line":132,"column":1}}]},"28":{"type":"branch","line":128,"loc":{"start":{"line":128,"column":10},"end":{"line":128,"column":17}},"locations":[{"start":{"line":128,"column":10},"end":{"line":128,"column":17}}]},"29":{"type":"branch","line":134,"loc":{"start":{"line":134,"column":0},"end":{"line":154,"column":1}},"locations":[{"start":{"line":134,"column":0},"end":{"line":154,"column":1}}]},"30":{"type":"branch","line":156,"loc":{"start":{"line":156,"column":0},"end":{"line":165,"column":1}},"locations":[{"start":{"line":156,"column":0},"end":{"line":165,"column":1}}]},"31":{"type":"branch","line":161,"loc":{"start":{"line":161,"column":10},"end":{"line":161,"column":17}},"locations":[{"start":{"line":161,"column":10},"end":{"line":161,"column":17}}]},"32":{"type":"branch","line":167,"loc":{"start":{"line":167,"column":0},"end":{"line":191,"column":1}},"locations":[{"start":{"line":167,"column":0},"end":{"line":191,"column":1}}]},"33":{"type":"branch","line":176,"loc":{"start":{"line":176,"column":46},"end":{"line":184,"column":3}},"locations":[{"start":{"line":176,"column":46},"end":{"line":184,"column":3}}]},"34":{"type":"branch","line":177,"loc":{"start":{"line":177,"column":32},"end":{"line":181,"column":63}},"locations":[{"start":{"line":177,"column":32},"end":{"line":181,"column":63}}]},"35":{"type":"branch","line":177,"loc":{"start":{"line":177,"column":32},"end":{"line":181,"column":39}},"locations":[{"start":{"line":177,"column":32},"end":{"line":181,"column":39}}]},"36":{"type":"branch","line":177,"loc":{"start":{"line":177,"column":32},"end":{"line":177,"column":41}},"locations":[{"start":{"line":177,"column":32},"end":{"line":177,"column":41}}]},"37":{"type":"branch","line":177,"loc":{"start":{"line":177,"column":32},"end":{"line":181,"column":39}},"locations":[{"start":{"line":177,"column":32},"end":{"line":181,"column":39}}]},"38":{"type":"branch","line":181,"loc":{"start":{"line":181,"column":34},"end":{"line":181,"column":63}},"locations":[{"start":{"line":181,"column":34},"end":{"line":181,"column":63}}]},"39":{"type":"branch","line":181,"loc":{"start":{"line":181,"column":63},"end":{"line":183,"column":5}},"locations":[{"start":{"line":181,"column":63},"end":{"line":183,"column":5}}]}},"b":{"0":[165],"1":[10],"2":[155],"3":[145],"4":[39],"5":[115],"6":[16],"7":[16],"8":[22],"9":[14],"10":[6],"11":[41],"12":[163],"13":[115],"14":[16],"15":[163],"16":[16],"17":[115],"18":[16],"19":[0],"20":[0],"21":[0],"22":[16],"23":[0],"24":[8],"25":[1],"26":[15],"27":[22],"28":[0],"29":[14],"30":[6],"31":[0],"32":[41],"33":[91],"34":[78],"35":[54],"36":[46],"37":[45],"38":[36],"39":[30]},"fnMap":{"0":{"name":"reduce","decl":{"start":{"line":38,"column":7},"end":{"line":80,"column":1}},"loc":{"start":{"line":38,"column":7},"end":{"line":80,"column":1}},"line":38},"1":{"name":"applyMove","decl":{"start":{"line":82,"column":0},"end":{"line":101,"column":1}},"loc":{"start":{"line":82,"column":0},"end":{"line":101,"column":1}},"line":82},"2":{"name":"applyAttack","decl":{"start":{"line":103,"column":0},"end":{"line":121,"column":1}},"loc":{"start":{"line":103,"column":0},"end":{"line":121,"column":1}},"line":103},"3":{"name":"applyCapture","decl":{"start":{"line":123,"column":0},"end":{"line":132,"column":1}},"loc":{"start":{"line":123,"column":0},"end":{"line":132,"column":1}},"line":123},"4":{"name":"applyBuild","decl":{"start":{"line":134,"column":0},"end":{"line":154,"column":1}},"loc":{"start":{"line":134,"column":0},"end":{"line":154,"column":1}},"line":134},"5":{"name":"applyWait","decl":{"start":{"line":156,"column":0},"end":{"line":165,"column":1}},"loc":{"start":{"line":156,"column":0},"end":{"line":165,"column":1}},"line":156},"6":{"name":"applyEndTurn","decl":{"start":{"line":167,"column":0},"end":{"line":191,"column":1}},"loc":{"start":{"line":167,"column":0},"end":{"line":191,"column":1}},"line":167}},"f":{"0":165,"1":16,"2":16,"3":22,"4":14,"5":6,"6":41}}
,"/Users/joesmith/Code/bats/src/engine/core/rng.ts": {"path":"/Users/joesmith/Code/bats/src/engine/core/rng.ts","all":false,"statementMap":{"11":{"start":{"line":12,"column":0},"end":{"line":12,"column":46}},"12":{"start":{"line":13,"column":0},"end":{"line":13,"column":25}},"13":{"start":{"line":14,"column":0},"end":{"line":14,"column":33}},"14":{"start":{"line":15,"column":0},"end":{"line":15,"column":39}},"15":{"start":{"line":16,"column":0},"end":{"line":16,"column":18}},"16":{"start":{"line":17,"column":0},"end":{"line":17,"column":41}},"17":{"start":{"line":18,"column":0},"end":{"line":18,"column":46}},"18":{"start":{"line":19,"column":0},"end":{"line":19,"column":49}},"19":{"start":{"line":20,"column":0},"end":{"line":20,"column":4}},"20":{"start":{"line":21,"column":0},"end":{"line":21,"column":1}},"23":{"start":{"line":24,"column":0},"end":{"line":24,"column":55}},"24":{"start":{"line":25,"column":0},"end":{"line":25,"column":33}},"25":{"start":{"line":26,"column":0},"end":{"line":26,"column":1}},"28":{"start":{"line":29,"column":0},"end":{"line":29,"column":64}},"29":{"start":{"line":30,"column":0},"end":{"line":30,"column":64}},"30":{"start":{"line":31,"column":0},"end":{"line":31,"column":41}},"32":{"start":{"line":33,"column":0},"end":{"line":33,"column":16}},"33":{"start":{"line":34,"column":0},"end":{"line":34,"column":1}}},"s":{"11":1,"12":4,"13":4,"14":150,"15":150,"16":150,"17":150,"18":150,"19":150,"20":4,"23":1,"24":110,"25":110,"28":1,"29":11,"30":10,"32":10,"33":10},"branchMap":{"0":{"type":"branch","line":12,"loc":{"start":{"line":12,"column":7},"end":{"line":21,"column":1}},"locations":[{"start":{"line":12,"column":7},"end":{"line":21,"column":1}}]},"1":{"type":"branch","line":14,"loc":{"start":{"line":14,"column":9},"end":{"line":20,"column":4}},"locations":[{"start":{"line":14,"column":9},"end":{"line":20,"column":4}}]},"2":{"type":"branch","line":24,"loc":{"start":{"line":24,"column":7},"end":{"line":26,"column":1}},"locations":[{"start":{"line":24,"column":7},"end":{"line":26,"column":1}}]},"3":{"type":"branch","line":29,"loc":{"start":{"line":29,"column":7},"end":{"line":34,"column":1}},"locations":[{"start":{"line":29,"column":7},"end":{"line":34,"column":1}}]},"4":{"type":"branch","line":30,"loc":{"start":{"line":30,"column":24},"end":{"line":30,"column":64}},"locations":[{"start":{"line":30,"column":24},"end":{"line":30,"column":64}}]},"5":{"type":"branch","line":30,"loc":{"start":{"line":30,"column":62},"end":{"line":34,"column":1}},"locations":[{"start":{"line":30,"column":62},"end":{"line":34,"column":1}}]}},"b":{"0":[4],"1":[150],"2":[110],"3":[11],"4":[1],"5":[10]},"fnMap":{"0":{"name":"createRng","decl":{"start":{"line":12,"column":7},"end":{"line":21,"column":1}},"loc":{"start":{"line":12,"column":7},"end":{"line":21,"column":1}},"line":12},"1":{"name":"rng","decl":{"start":{"line":14,"column":9},"end":{"line":20,"column":4}},"loc":{"start":{"line":14,"column":9},"end":{"line":20,"column":4}},"line":14},"2":{"name":"rngInt","decl":{"start":{"line":24,"column":7},"end":{"line":26,"column":1}},"loc":{"start":{"line":24,"column":7},"end":{"line":26,"column":1}},"line":24},"3":{"name":"rngPick","decl":{"start":{"line":29,"column":7},"end":{"line":34,"column":1}},"loc":{"start":{"line":29,"column":7},"end":{"line":34,"column":1}},"line":29}},"f":{"0":4,"1":150,"2":110,"3":11}}
,"/Users/joesmith/Code/bats/src/engine/core/types.ts": {"path":"/Users/joesmith/Code/bats/src/engine/core/types.ts","all":false,"statementMap":{"62":{"start":{"line":63,"column":0},"end":{"line":63,"column":63}},"63":{"start":{"line":64,"column":0},"end":{"line":64,"column":9}},"64":{"start":{"line":65,"column":0},"end":{"line":65,"column":7}},"65":{"start":{"line":66,"column":0},"end":{"line":66,"column":12}},"66":{"start":{"line":67,"column":0},"end":{"line":67,"column":2}},"68":{"start":{"line":69,"column":0},"end":{"line":69,"column":61}},"69":{"start":{"line":70,"column":0},"end":{"line":70,"column":46}},"70":{"start":{"line":71,"column":0},"end":{"line":71,"column":1}},"72":{"start":{"line":73,"column":0},"end":{"line":73,"column":54}},"73":{"start":{"line":74,"column":0},"end":{"line":74,"column":36}},"74":{"start":{"line":75,"column":0},"end":{"line":75,"column":1}},"76":{"start":{"line":77,"column":0},"end":{"line":77,"column":44}},"77":{"start":{"line":78,"column":0},"end":{"line":78,"column":25}},"78":{"start":{"line":79,"column":0},"end":{"line":79,"column":1}},"80":{"start":{"line":81,"column":0},"end":{"line":81,"column":55}},"81":{"start":{"line":82,"column":0},"end":{"line":82,"column":51}},"82":{"start":{"line":83,"column":0},"end":{"line":83,"column":1}},"84":{"start":{"line":85,"column":0},"end":{"line":85,"column":52}},"85":{"start":{"line":86,"column":0},"end":{"line":86,"column":39}},"86":{"start":{"line":87,"column":0},"end":{"line":87,"column":1}},"88":{"start":{"line":89,"column":0},"end":{"line":89,"column":60}},"89":{"start":{"line":90,"column":0},"end":{"line":90,"column":37}},"90":{"start":{"line":91,"column":0},"end":{"line":91,"column":23}},"91":{"start":{"line":92,"column":0},"end":{"line":92,"column":21}},"92":{"start":{"line":93,"column":0},"end":{"line":93,"column":25}},"93":{"start":{"line":94,"column":0},"end":{"line":94,"column":23}},"94":{"start":{"line":95,"column":0},"end":{"line":95,"column":52}},"95":{"start":{"line":96,"column":0},"end":{"line":96,"column":1}},"97":{"start":{"line":98,"column":0},"end":{"line":98,"column":55}},"98":{"start":{"line":99,"column":0},"end":{"line":99,"column":23}},"99":{"start":{"line":100,"column":0},"end":{"line":100,"column":62}},"100":{"start":{"line":101,"column":0},"end":{"line":101,"column":21}},"101":{"start":{"line":102,"column":0},"end":{"line":102,"column":60}},"102":{"start":{"line":103,"column":0},"end":{"line":103,"column":11}},"103":{"start":{"line":104,"column":0},"end":{"line":104,"column":1}},"105":{"start":{"line":106,"column":0},"end":{"line":106,"column":70}},"106":{"start":{"line":107,"column":0},"end":{"line":107,"column":47}},"107":{"start":{"line":108,"column":0},"end":{"line":108,"column":36}},"108":{"start":{"line":109,"column":0},"end":{"line":109,"column":3}},"109":{"start":{"line":110,"column":0},"end":{"line":110,"column":19}},"110":{"start":{"line":111,"column":0},"end":{"line":111,"column":1}}},"s":{"62":1,"63":1,"64":1,"65":1,"66":1,"68":1,"69":94,"70":94,"72":1,"73":852,"74":852,"76":1,"77":318,"78":318,"80":1,"81":33,"82":33,"84":1,"85":55,"86":55,"88":1,"89":543,"90":543,"91":543,"92":543,"93":543,"94":543,"95":543,"97":1,"98":386,"99":386,"100":386,"101":386,"102":386,"103":386,"105":1,"106":308,"107":536,"108":536,"109":285,"110":285},"branchMap":{"0":{"type":"branch","line":69,"loc":{"start":{"line":69,"column":7},"end":{"line":71,"column":1}},"locations":[{"start":{"line":69,"column":7},"end":{"line":71,"column":1}}]},"1":{"type":"branch","line":73,"loc":{"start":{"line":73,"column":7},"end":{"line":75,"column":1}},"locations":[{"start":{"line":73,"column":7},"end":{"line":75,"column":1}}]},"2":{"type":"branch","line":74,"loc":{"start":{"line":74,"column":19},"end":{"line":74,"column":36}},"locations":[{"start":{"line":74,"column":19},"end":{"line":74,"column":36}}]},"3":{"type":"branch","line":77,"loc":{"start":{"line":77,"column":7},"end":{"line":79,"column":1}},"locations":[{"start":{"line":77,"column":7},"end":{"line":79,"column":1}}]},"4":{"type":"branch","line":81,"loc":{"start":{"line":81,"column":7},"end":{"line":83,"column":1}},"locations":[{"start":{"line":81,"column":7},"end":{"line":83,"column":1}}]},"5":{"type":"branch","line":85,"loc":{"start":{"line":85,"column":7},"end":{"line":87,"column":1}},"locations":[{"start":{"line":85,"column":7},"end":{"line":87,"column":1}}]},"6":{"type":"branch","line":86,"loc":{"start":{"line":86,"column":16},"end":{"line":86,"column":24}},"locations":[{"start":{"line":86,"column":16},"end":{"line":86,"column":24}}]},"7":{"type":"branch","line":86,"loc":{"start":{"line":86,"column":20},"end":{"line":86,"column":39}},"locations":[{"start":{"line":86,"column":20},"end":{"line":86,"column":39}}]},"8":{"type":"branch","line":89,"loc":{"start":{"line":89,"column":7},"end":{"line":96,"column":1}},"locations":[{"start":{"line":89,"column":7},"end":{"line":96,"column":1}}]},"9":{"type":"branch","line":90,"loc":{"start":{"line":90,"column":24},"end":{"line":90,"column":37}},"locations":[{"start":{"line":90,"column":24},"end":{"line":90,"column":37}}]},"10":{"type":"branch","line":93,"loc":{"start":{"line":93,"column":12},"end":{"line":93,"column":25}},"locations":[{"start":{"line":93,"column":12},"end":{"line":93,"column":25}}]},"11":{"type":"branch","line":95,"loc":{"start":{"line":95,"column":16},"end":{"line":95,"column":33}},"locations":[{"start":{"line":95,"column":16},"end":{"line":95,"column":33}}]},"12":{"type":"branch","line":95,"loc":{"start":{"line":95,"column":28},"end":{"line":95,"column":44}},"locations":[{"start":{"line":95,"column":28},"end":{"line":95,"column":44}}]},"13":{"type":"branch","line":95,"loc":{"start":{"line":95,"column":39},"end":{"line":95,"column":52}},"locations":[{"start":{"line":95,"column":39},"end":{"line":95,"column":52}}]},"14":{"type":"branch","line":98,"loc":{"start":{"line":98,"column":7},"end":{"line":104,"column":1}},"locations":[{"start":{"line":98,"column":7},"end":{"line":104,"column":1}}]},"15":{"type":"branch","line":100,"loc":{"start":{"line":100,"column":12},"end":{"line":100,"column":62}},"locations":[{"start":{"line":100,"column":12},"end":{"line":100,"column":62}}]},"16":{"type":"branch","line":102,"loc":{"start":{"line":102,"column":10},"end":{"line":102,"column":60}},"locations":[{"start":{"line":102,"column":10},"end":{"line":102,"column":60}}]},"17":{"type":"branch","line":106,"loc":{"start":{"line":106,"column":7},"end":{"line":111,"column":1}},"locations":[{"start":{"line":106,"column":7},"end":{"line":111,"column":1}}]},"18":{"type":"branch","line":107,"loc":{"start":{"line":107,"column":46},"end":{"line":111,"column":1}},"locations":[{"start":{"line":107,"column":46},"end":{"line":111,"column":1}}]},"19":{"type":"branch","line":107,"loc":{"start":{"line":107,"column":46},"end":{"line":109,"column":3}},"locations":[{"start":{"line":107,"column":46},"end":{"line":109,"column":3}}]},"20":{"type":"branch","line":108,"loc":{"start":{"line":108,"column":27},"end":{"line":108,"column":36}},"locations":[{"start":{"line":108,"column":27},"end":{"line":108,"column":36}}]},"21":{"type":"branch","line":109,"loc":{"start":{"line":109,"column":2},"end":{"line":111,"column":1}},"locations":[{"start":{"line":109,"column":2},"end":{"line":111,"column":1}}]}},"b":{"0":[94],"1":[852],"2":[154],"3":[318],"4":[33],"5":[55],"6":[28],"7":[27],"8":[543],"9":[0],"10":[0],"11":[530],"12":[503],"13":[496],"14":[386],"15":[0],"16":[0],"17":[308],"18":[307],"19":[536],"20":[23],"21":[285]},"fnMap":{"0":{"name":"isCapturable","decl":{"start":{"line":69,"column":7},"end":{"line":71,"column":1}},"loc":{"start":{"line":69,"column":7},"end":{"line":71,"column":1}},"line":69},"1":{"name":"coordEq","decl":{"start":{"line":73,"column":7},"end":{"line":75,"column":1}},"loc":{"start":{"line":73,"column":7},"end":{"line":75,"column":1}},"line":73},"2":{"name":"coordKey","decl":{"start":{"line":77,"column":7},"end":{"line":79,"column":1}},"loc":{"start":{"line":77,"column":7},"end":{"line":79,"column":1}},"line":77},"3":{"name":"manhattan","decl":{"start":{"line":81,"column":7},"end":{"line":83,"column":1}},"loc":{"start":{"line":81,"column":7},"end":{"line":83,"column":1}},"line":81},"4":{"name":"otherPlayer","decl":{"start":{"line":85,"column":7},"end":{"line":87,"column":1}},"loc":{"start":{"line":85,"column":7},"end":{"line":87,"column":1}},"line":85},"5":{"name":"inBounds","decl":{"start":{"line":89,"column":7},"end":{"line":96,"column":1}},"loc":{"start":{"line":89,"column":7},"end":{"line":96,"column":1}},"line":89},"6":{"name":"tileAt","decl":{"start":{"line":98,"column":7},"end":{"line":104,"column":1}},"loc":{"start":{"line":98,"column":7},"end":{"line":104,"column":1}},"line":98},"7":{"name":"unitAt","decl":{"start":{"line":106,"column":7},"end":{"line":111,"column":1}},"loc":{"start":{"line":106,"column":7},"end":{"line":111,"column":1}},"line":106}},"f":{"0":94,"1":852,"2":318,"3":33,"4":55,"5":543,"6":386,"7":308}}
,"/Users/joesmith/Code/bats/src/engine/core/validators.ts": {"path":"/Users/joesmith/Code/bats/src/engine/core/validators.ts","all":false,"statementMap":{"0":{"start":{"line":1,"column":0},"end":{"line":1,"column":74}},"10":{"start":{"line":11,"column":0},"end":{"line":11,"column":67}},"11":{"start":{"line":12,"column":0},"end":{"line":12,"column":25}},"12":{"start":{"line":13,"column":0},"end":{"line":13,"column":1}},"14":{"start":{"line":15,"column":0},"end":{"line":15,"column":50}},"15":{"start":{"line":16,"column":0},"end":{"line":16,"column":34}},"16":{"start":{"line":17,"column":0},"end":{"line":17,"column":1}},"18":{"start":{"line":19,"column":0},"end":{"line":19,"column":81}},"19":{"start":{"line":20,"column":0},"end":{"line":20,"column":57}},"21":{"start":{"line":22,"column":0},"end":{"line":22,"column":24}},"22":{"start":{"line":23,"column":0},"end":{"line":23,"column":16}},"23":{"start":{"line":24,"column":0},"end":{"line":24,"column":38}},"24":{"start":{"line":25,"column":0},"end":{"line":25,"column":18}},"25":{"start":{"line":26,"column":0},"end":{"line":26,"column":40}},"26":{"start":{"line":27,"column":0},"end":{"line":27,"column":19}},"27":{"start":{"line":28,"column":0},"end":{"line":28,"column":41}},"28":{"start":{"line":29,"column":0},"end":{"line":29,"column":17}},"29":{"start":{"line":30,"column":0},"end":{"line":30,"column":39}},"30":{"start":{"line":31,"column":0},"end":{"line":31,"column":16}},"31":{"start":{"line":32,"column":0},"end":{"line":32,"column":38}},"32":{"start":{"line":33,"column":0},"end":{"line":33,"column":20}},"33":{"start":{"line":34,"column":0},"end":{"line":34,"column":29}},"34":{"start":{"line":35,"column":0},"end":{"line":35,"column":3}},"35":{"start":{"line":36,"column":0},"end":{"line":36,"column":1}},"37":{"start":{"line":38,"column":0},"end":{"line":38,"column":19}},"38":{"start":{"line":39,"column":0},"end":{"line":39,"column":19}},"39":{"start":{"line":40,"column":0},"end":{"line":40,"column":44}},"40":{"start":{"line":41,"column":0},"end":{"line":41,"column":19}},"41":{"start":{"line":42,"column":0},"end":{"line":42,"column":43}},"42":{"start":{"line":43,"column":0},"end":{"line":43,"column":41}},"43":{"start":{"line":44,"column":0},"end":{"line":44,"column":67}},"44":{"start":{"line":45,"column":0},"end":{"line":45,"column":55}},"45":{"start":{"line":46,"column":0},"end":{"line":46,"column":55}},"46":{"start":{"line":47,"column":0},"end":{"line":47,"column":61}},"47":{"start":{"line":48,"column":0},"end":{"line":48,"column":51}},"48":{"start":{"line":49,"column":0},"end":{"line":49,"column":42}},"49":{"start":{"line":50,"column":0},"end":{"line":50,"column":78}},"51":{"start":{"line":52,"column":0},"end":{"line":52,"column":72}},"52":{"start":{"line":53,"column":0},"end":{"line":53,"column":48}},"53":{"start":{"line":54,"column":0},"end":{"line":54,"column":38}},"54":{"start":{"line":55,"column":0},"end":{"line":55,"column":25}},"55":{"start":{"line":56,"column":0},"end":{"line":56,"column":1}},"57":{"start":{"line":58,"column":0},"end":{"line":58,"column":21}},"58":{"start":{"line":59,"column":0},"end":{"line":59,"column":19}},"59":{"start":{"line":60,"column":0},"end":{"line":60,"column":46}},"60":{"start":{"line":61,"column":0},"end":{"line":61,"column":19}},"61":{"start":{"line":62,"column":0},"end":{"line":62,"column":47}},"62":{"start":{"line":63,"column":0},"end":{"line":63,"column":45}},"63":{"start":{"line":64,"column":0},"end":{"line":64,"column":67}},"64":{"start":{"line":65,"column":0},"end":{"line":65,"column":59}},"65":{"start":{"line":66,"column":0},"end":{"line":66,"column":45}},"66":{"start":{"line":67,"column":0},"end":{"line":67,"column":43}},"67":{"start":{"line":68,"column":0},"end":{"line":68,"column":64}},"68":{"start":{"line":69,"column":0},"end":{"line":69,"column":30}},"70":{"start":{"line":71,"column":0},"end":{"line":71,"column":37}},"71":{"start":{"line":72,"column":0},"end":{"line":72,"column":59}},"72":{"start":{"line":73,"column":0},"end":{"line":73,"column":3}},"73":{"start":{"line":74,"column":0},"end":{"line":74,"column":36}},"74":{"start":{"line":75,"column":0},"end":{"line":75,"column":49}},"75":{"start":{"line":76,"column":0},"end":{"line":76,"column":94}},"76":{"start":{"line":77,"column":0},"end":{"line":77,"column":3}},"77":{"start":{"line":78,"column":0},"end":{"line":78,"column":25}},"78":{"start":{"line":79,"column":0},"end":{"line":79,"column":1}},"80":{"start":{"line":81,"column":0},"end":{"line":81,"column":22}},"81":{"start":{"line":82,"column":0},"end":{"line":82,"column":19}},"82":{"start":{"line":83,"column":0},"end":{"line":83,"column":47}},"83":{"start":{"line":84,"column":0},"end":{"line":84,"column":19}},"84":{"start":{"line":85,"column":0},"end":{"line":85,"column":43}},"85":{"start":{"line":86,"column":0},"end":{"line":86,"column":41}},"86":{"start":{"line":87,"column":0},"end":{"line":87,"column":67}},"87":{"start":{"line":88,"column":0},"end":{"line":88,"column":55}},"88":{"start":{"line":89,"column":0},"end":{"line":89,"column":30}},"89":{"start":{"line":90,"column":0},"end":{"line":90,"column":63}},"90":{"start":{"line":91,"column":0},"end":{"line":91,"column":40}},"91":{"start":{"line":92,"column":0},"end":{"line":92,"column":73}},"92":{"start":{"line":93,"column":0},"end":{"line":93,"column":67}},"93":{"start":{"line":94,"column":0},"end":{"line":94,"column":25}},"94":{"start":{"line":95,"column":0},"end":{"line":95,"column":1}},"96":{"start":{"line":97,"column":0},"end":{"line":97,"column":20}},"97":{"start":{"line":98,"column":0},"end":{"line":98,"column":19}},"98":{"start":{"line":99,"column":0},"end":{"line":99,"column":45}},"99":{"start":{"line":100,"column":0},"end":{"line":100,"column":19}},"100":{"start":{"line":101,"column":0},"end":{"line":101,"column":81}},"101":{"start":{"line":102,"column":0},"end":{"line":102,"column":71}},"102":{"start":{"line":103,"column":0},"end":{"line":103,"column":44}},"103":{"start":{"line":104,"column":0},"end":{"line":104,"column":74}},"104":{"start":{"line":105,"column":0},"end":{"line":105,"column":81}},"105":{"start":{"line":106,"column":0},"end":{"line":106,"column":67}},"106":{"start":{"line":107,"column":0},"end":{"line":107,"column":43}},"107":{"start":{"line":108,"column":0},"end":{"line":108,"column":50}},"108":{"start":{"line":109,"column":0},"end":{"line":109,"column":78}},"109":{"start":{"line":110,"column":0},"end":{"line":110,"column":25}},"110":{"start":{"line":111,"column":0},"end":{"line":111,"column":1}},"112":{"start":{"line":113,"column":0},"end":{"line":113,"column":19}},"113":{"start":{"line":114,"column":0},"end":{"line":114,"column":19}},"114":{"start":{"line":115,"column":0},"end":{"line":115,"column":44}},"115":{"start":{"line":116,"column":0},"end":{"line":116,"column":19}},"116":{"start":{"line":117,"column":0},"end":{"line":117,"column":43}},"117":{"start":{"line":118,"column":0},"end":{"line":118,"column":41}},"118":{"start":{"line":119,"column":0},"end":{"line":119,"column":67}},"119":{"start":{"line":120,"column":0},"end":{"line":120,"column":55}},"120":{"start":{"line":121,"column":0},"end":{"line":121,"column":25}},"121":{"start":{"line":122,"column":0},"end":{"line":122,"column":1}}},"s":{"0":1,"10":110,"11":110,"12":110,"14":39,"15":39,"16":39,"18":1,"19":155,"21":155,"22":155,"23":28,"24":155,"25":24,"26":155,"27":30,"28":155,"29":25,"30":155,"31":6,"32":155,"33":41,"34":155,"35":155,"37":28,"38":28,"39":28,"40":28,"41":28,"42":28,"43":28,"44":27,"45":28,"46":28,"47":22,"48":28,"49":28,"51":28,"52":21,"53":28,"54":16,"55":16,"57":24,"58":24,"59":24,"60":24,"61":24,"62":24,"63":24,"64":24,"65":22,"66":24,"67":24,"68":20,"70":24,"71":1,"72":1,"73":19,"74":24,"75":3,"76":3,"77":16,"78":16,"80":30,"81":30,"82":30,"83":30,"84":30,"85":30,"86":30,"87":30,"88":28,"89":30,"90":27,"91":30,"92":30,"93":22,"94":22,"96":25,"97":25,"98":25,"99":25,"100":25,"101":25,"102":23,"103":25,"104":25,"105":25,"106":15,"107":15,"108":25,"109":14,"110":14,"112":6,"113":6,"114":6,"115":6,"116":6,"117":6,"118":6,"119":6,"120":6,"121":6},"branchMap":{"0":{"type":"branch","line":11,"loc":{"start":{"line":11,"column":0},"end":{"line":13,"column":1}},"locations":[{"start":{"line":11,"column":0},"end":{"line":13,"column":1}}]},"1":{"type":"branch","line":15,"loc":{"start":{"line":15,"column":0},"end":{"line":17,"column":1}},"locations":[{"start":{"line":15,"column":0},"end":{"line":17,"column":1}}]},"2":{"type":"branch","line":19,"loc":{"start":{"line":19,"column":7},"end":{"line":36,"column":1}},"locations":[{"start":{"line":19,"column":7},"end":{"line":36,"column":1}}]},"3":{"type":"branch","line":20,"loc":{"start":{"line":20,"column":29},"end":{"line":20,"column":57}},"locations":[{"start":{"line":20,"column":29},"end":{"line":20,"column":57}}]},"4":{"type":"branch","line":23,"loc":{"start":{"line":23,"column":4},"end":{"line":24,"column":38}},"locations":[{"start":{"line":23,"column":4},"end":{"line":24,"column":38}}]},"5":{"type":"branch","line":25,"loc":{"start":{"line":25,"column":4},"end":{"line":26,"column":40}},"locations":[{"start":{"line":25,"column":4},"end":{"line":26,"column":40}}]},"6":{"type":"branch","line":27,"loc":{"start":{"line":27,"column":4},"end":{"line":28,"column":41}},"locations":[{"start":{"line":27,"column":4},"end":{"line":28,"column":41}}]},"7":{"type":"branch","line":29,"loc":{"start":{"line":29,"column":4},"end":{"line":30,"column":39}},"locations":[{"start":{"line":29,"column":4},"end":{"line":30,"column":39}}]},"8":{"type":"branch","line":31,"loc":{"start":{"line":31,"column":4},"end":{"line":32,"column":38}},"locations":[{"start":{"line":31,"column":4},"end":{"line":32,"column":38}}]},"9":{"type":"branch","line":33,"loc":{"start":{"line":33,"column":4},"end":{"line":34,"column":29}},"locations":[{"start":{"line":33,"column":4},"end":{"line":34,"column":29}}]},"10":{"type":"branch","line":38,"loc":{"start":{"line":38,"column":0},"end":{"line":56,"column":1}},"locations":[{"start":{"line":38,"column":0},"end":{"line":56,"column":1}}]},"11":{"type":"branch","line":43,"loc":{"start":{"line":43,"column":10},"end":{"line":43,"column":41}},"locations":[{"start":{"line":43,"column":10},"end":{"line":43,"column":41}}]},"12":{"type":"branch","line":44,"loc":{"start":{"line":44,"column":39},"end":{"line":44,"column":67}},"locations":[{"start":{"line":44,"column":39},"end":{"line":44,"column":67}}]},"13":{"type":"branch","line":44,"loc":{"start":{"line":44,"column":65},"end":{"line":46,"column":25}},"locations":[{"start":{"line":44,"column":65},"end":{"line":46,"column":25}}]},"14":{"type":"branch","line":44,"loc":{"start":{"line":44,"column":65},"end":{"line":45,"column":25}},"locations":[{"start":{"line":44,"column":65},"end":{"line":45,"column":25}}]},"15":{"type":"branch","line":45,"loc":{"start":{"line":45,"column":18},"end":{"line":45,"column":55}},"locations":[{"start":{"line":45,"column":18},"end":{"line":45,"column":55}}]},"16":{"type":"branch","line":45,"loc":{"start":{"line":45,"column":53},"end":{"line":46,"column":25}},"locations":[{"start":{"line":45,"column":53},"end":{"line":46,"column":25}}]},"17":{"type":"branch","line":46,"loc":{"start":{"line":46,"column":18},"end":{"line":46,"column":55}},"locations":[{"start":{"line":46,"column":18},"end":{"line":46,"column":55}}]},"18":{"type":"branch","line":46,"loc":{"start":{"line":46,"column":53},"end":{"line":47,"column":39}},"locations":[{"start":{"line":46,"column":53},"end":{"line":47,"column":39}}]},"19":{"type":"branch","line":47,"loc":{"start":{"line":47,"column":32},"end":{"line":47,"column":61}},"locations":[{"start":{"line":47,"column":32},"end":{"line":47,"column":61}}]},"20":{"type":"branch","line":47,"loc":{"start":{"line":47,"column":59},"end":{"line":49,"column":20}},"locations":[{"start":{"line":47,"column":59},"end":{"line":49,"column":20}}]},"21":{"type":"branch","line":49,"loc":{"start":{"line":49,"column":13},"end":{"line":49,"column":42}},"locations":[{"start":{"line":49,"column":13},"end":{"line":49,"column":42}}]},"22":{"type":"branch","line":49,"loc":{"start":{"line":49,"column":40},"end":{"line":50,"column":41}},"locations":[{"start":{"line":49,"column":40},"end":{"line":50,"column":41}}]},"23":{"type":"branch","line":50,"loc":{"start":{"line":50,"column":34},"end":{"line":50,"column":78}},"locations":[{"start":{"line":50,"column":34},"end":{"line":50,"column":78}}]},"24":{"type":"branch","line":50,"loc":{"start":{"line":50,"column":76},"end":{"line":52,"column":35}},"locations":[{"start":{"line":50,"column":76},"end":{"line":52,"column":35}}]},"25":{"type":"branch","line":52,"loc":{"start":{"line":52,"column":28},"end":{"line":52,"column":72}},"locations":[{"start":{"line":52,"column":28},"end":{"line":52,"column":72}}]},"26":{"type":"branch","line":52,"loc":{"start":{"line":52,"column":70},"end":{"line":54,"column":20}},"locations":[{"start":{"line":52,"column":70},"end":{"line":54,"column":20}}]},"27":{"type":"branch","line":54,"loc":{"start":{"line":54,"column":13},"end":{"line":54,"column":38}},"locations":[{"start":{"line":54,"column":13},"end":{"line":54,"column":38}}]},"28":{"type":"branch","line":54,"loc":{"start":{"line":54,"column":36},"end":{"line":56,"column":1}},"locations":[{"start":{"line":54,"column":36},"end":{"line":56,"column":1}}]},"29":{"type":"branch","line":58,"loc":{"start":{"line":58,"column":0},"end":{"line":79,"column":1}},"locations":[{"start":{"line":58,"column":0},"end":{"line":79,"column":1}}]},"30":{"type":"branch","line":63,"loc":{"start":{"line":63,"column":10},"end":{"line":63,"column":45}},"locations":[{"start":{"line":63,"column":10},"end":{"line":63,"column":45}}]},"31":{"type":"branch","line":63,"loc":{"start":{"line":63,"column":43},"end":{"line":64,"column":46}},"locations":[{"start":{"line":63,"column":43},"end":{"line":64,"column":46}}]},"32":{"type":"branch","line":64,"loc":{"start":{"line":64,"column":39},"end":{"line":64,"column":67}},"locations":[{"start":{"line":64,"column":39},"end":{"line":64,"column":67}}]},"33":{"type":"branch","line":64,"loc":{"start":{"line":64,"column":65},"end":{"line":65,"column":25}},"locations":[{"start":{"line":64,"column":65},"end":{"line":65,"column":25}}]},"34":{"type":"branch","line":65,"loc":{"start":{"line":65,"column":18},"end":{"line":65,"column":59}},"locations":[{"start":{"line":65,"column":18},"end":{"line":65,"column":59}}]},"35":{"type":"branch","line":65,"loc":{"start":{"line":65,"column":57},"end":{"line":67,"column":17}},"locations":[{"start":{"line":65,"column":57},"end":{"line":67,"column":17}}]},"36":{"type":"branch","line":67,"loc":{"start":{"line":67,"column":10},"end":{"line":67,"column":43}},"locations":[{"start":{"line":67,"column":10},"end":{"line":67,"column":43}}]},"37":{"type":"branch","line":67,"loc":{"start":{"line":67,"column":41},"end":{"line":68,"column":34}},"locations":[{"start":{"line":67,"column":41},"end":{"line":68,"column":34}}]},"38":{"type":"branch","line":68,"loc":{"start":{"line":68,"column":27},"end":{"line":68,"column":64}},"locations":[{"start":{"line":68,"column":27},"end":{"line":68,"column":64}}]},"39":{"type":"branch","line":68,"loc":{"start":{"line":68,"column":62},"end":{"line":71,"column":24}},"locations":[{"start":{"line":68,"column":62},"end":{"line":71,"column":24}}]},"40":{"type":"branch","line":71,"loc":{"start":{"line":71,"column":12},"end":{"line":71,"column":36}},"locations":[{"start":{"line":71,"column":12},"end":{"line":71,"column":36}}]},"41":{"type":"branch","line":71,"loc":{"start":{"line":71,"column":36},"end":{"line":73,"column":3}},"locations":[{"start":{"line":71,"column":36},"end":{"line":73,"column":3}}]},"42":{"type":"branch","line":73,"loc":{"start":{"line":73,"column":2},"end":{"line":75,"column":28}},"locations":[{"start":{"line":73,"column":
[...]
d":{"line":143,"column":70}},"143":{"start":{"line":144,"column":0},"end":{"line":144,"column":5}},"144":{"start":{"line":145,"column":0},"end":{"line":145,"column":42}},"145":{"start":{"line":146,"column":0},"end":{"line":146,"column":23}},"146":{"start":{"line":147,"column":0},"end":{"line":147,"column":68}},"147":{"start":{"line":148,"column":0},"end":{"line":148,"column":5}},"148":{"start":{"line":149,"column":0},"end":{"line":149,"column":14}},"149":{"start":{"line":150,"column":0},"end":{"line":150,"column":24}},"150":{"start":{"line":151,"column":0},"end":{"line":151,"column":80}},"151":{"start":{"line":152,"column":0},"end":{"line":152,"column":5}},"152":{"start":{"line":153,"column":0},"end":{"line":153,"column":36}},"153":{"start":{"line":154,"column":0},"end":{"line":154,"column":36}},"154":{"start":{"line":155,"column":0},"end":{"line":155,"column":43}},"155":{"start":{"line":156,"column":0},"end":{"line":156,"column":19}},"156":{"start":{"line":157,"column":0},"end":{"line":157,"column":61}},"157":{"start":{"line":158,"column":0},"end":{"line":158,"column":7}},"158":{"start":{"line":159,"column":0},"end":{"line":159,"column":37}},"159":{"start":{"line":160,"column":0},"end":{"line":160,"column":64}},"160":{"start":{"line":161,"column":0},"end":{"line":161,"column":7}},"162":{"start":{"line":163,"column":0},"end":{"line":163,"column":5}},"163":{"start":{"line":164,"column":0},"end":{"line":164,"column":16}},"164":{"start":{"line":165,"column":0},"end":{"line":165,"column":3}},"165":{"start":{"line":166,"column":0},"end":{"line":166,"column":28}},"166":{"start":{"line":167,"column":0},"end":{"line":167,"column":1}}},"s":{"0":1,"21":1,"22":1,"23":1,"24":1,"25":1,"26":1,"29":1,"30":237,"31":237,"32":237,"33":237,"34":237,"35":237,"36":237,"37":237,"44":1,"45":6,"47":6,"48":6,"49":6,"50":6,"51":6,"54":6,"55":6,"57":6,"59":60,"60":60,"61":60,"62":211,"63":211,"64":61,"65":61,"66":61,"67":211,"68":60,"69":60,"70":60,"71":60,"72":60,"74":60,"75":240,"76":240,"77":174,"80":240,"81":172,"82":172,"83":171,"84":171,"85":134,"86":134,"87":240,"88":54,"89":54,"90":54,"91":54,"92":54,"93":240,"94":60,"98":6,"99":6,"100":60,"101":60,"102":60,"103":54,"104":54,"105":54,"107":59,"108":59,"109":60,"110":160,"111":160,"112":160,"113":59,"114":59,"115":6,"116":6,"125":1,"126":40,"127":40,"128":40,"129":40,"130":40,"131":1,"132":1,"133":39,"134":39,"135":39,"136":39,"137":66,"138":66,"139":66,"140":66,"141":66,"142":1,"143":1,"144":65,"145":65,"146":3,"147":3,"148":62,"149":65,"150":1,"151":1,"152":61,"153":66,"154":4,"155":4,"156":1,"157":1,"158":4,"159":1,"160":1,"162":4,"163":59,"164":59,"165":32,"166":32},"branchMap":{"0":{"type":"branch","line":30,"loc":{"start":{"line":30,"column":7},"end":{"line":38,"column":1}},"locations":[{"start":{"line":30,"column":7},"end":{"line":38,"column":1}}]},"1":{"type":"branch","line":31,"loc":{"start":{"line":31,"column":32},"end":{"line":31,"column":48}},"locations":[{"start":{"line":31,"column":32},"end":{"line":31,"column":48}}]},"2":{"type":"branch","line":33,"loc":{"start":{"line":33,"column":12},"end":{"line":33,"column":28}},"locations":[{"start":{"line":33,"column":12},"end":{"line":33,"column":28}}]},"3":{"type":"branch","line":35,"loc":{"start":{"line":35,"column":13},"end":{"line":35,"column":29}},"locations":[{"start":{"line":35,"column":13},"end":{"line":35,"column":29}}]},"4":{"type":"branch","line":45,"loc":{"start":{"line":45,"column":7},"end":{"line":117,"column":1}},"locations":[{"start":{"line":45,"column":7},"end":{"line":117,"column":1}}]},"5":{"type":"branch","line":58,"loc":{"start":{"line":58,"column":24},"end":{"line":95,"column":3}},"locations":[{"start":{"line":58,"column":24},"end":{"line":95,"column":3}}]},"6":{"type":"branch","line":62,"loc":{"start":{"line":62,"column":26},"end":{"line":68,"column":5}},"locations":[{"start":{"line":62,"column":26},"end":{"line":68,"column":5}}]},"7":{"type":"branch","line":64,"loc":{"start":{"line":64,"column":43},"end":{"line":67,"column":7}},"locations":[{"start":{"line":64,"column":43},"end":{"line":67,"column":7}}]},"8":{"type":"branch","line":69,"loc":{"start":{"line":69,"column":26},"end":{"line":69,"column":32}},"locations":[{"start":{"line":69,"column":26},"end":{"line":69,"column":32}}]},"9":{"type":"branch","line":73,"loc":{"start":{"line":73,"column":15},"end":{"line":73,"column":24}},"locations":[{"start":{"line":73,"column":15},"end":{"line":73,"column":24}}]},"10":{"type":"branch","line":75,"loc":{"start":{"line":75,"column":32},"end":{"line":94,"column":5}},"locations":[{"start":{"line":75,"column":32},"end":{"line":94,"column":5}}]},"11":{"type":"branch","line":77,"loc":{"start":{"line":77,"column":38},"end":{"line":77,"column":47}},"locations":[{"start":{"line":77,"column":38},"end":{"line":77,"column":47}}]},"12":{"type":"branch","line":77,"loc":{"start":{"line":77,"column":38},"end":{"line":81,"column":22}},"locations":[{"start":{"line":77,"column":38},"end":{"line":81,"column":22}}]},"13":{"type":"branch","line":81,"loc":{"start":{"line":81,"column":10},"end":{"line":81,"column":53}},"locations":[{"start":{"line":81,"column":10},"end":{"line":81,"column":53}}]},"14":{"type":"branch","line":81,"loc":{"start":{"line":81,"column":53},"end":{"line":81,"column":62}},"locations":[{"start":{"line":81,"column":53},"end":{"line":81,"column":62}}]},"15":{"type":"branch","line":81,"loc":{"start":{"line":81,"column":53},"end":{"line":83,"column":36}},"locations":[{"start":{"line":81,"column":53},"end":{"line":83,"column":36}}]},"16":{"type":"branch","line":83,"loc":{"start":{"line":83,"column":27},"end":{"line":83,"column":36}},"locations":[{"start":{"line":83,"column":27},"end":{"line":83,"column":36}}]},"17":{"type":"branch","line":83,"loc":{"start":{"line":83,"column":27},"end":{"line":85,"column":35}},"locations":[{"start":{"line":83,"column":27},"end":{"line":85,"column":35}}]},"18":{"type":"branch","line":85,"loc":{"start":{"line":85,"column":26},"end":{"line":85,"column":35}},"locations":[{"start":{"line":85,"column":26},"end":{"line":85,"column":35}}]},"19":{"type":"branch","line":85,"loc":{"start":{"line":85,"column":26},"end":{"line":88,"column":36}},"locations":[{"start":{"line":85,"column":26},"end":{"line":88,"column":36}}]},"20":{"type":"branch","line":88,"loc":{"start":{"line":88,"column":23},"end":{"line":88,"column":54}},"locations":[{"start":{"line":88,"column":23},"end":{"line":88,"column":54}}]},"21":{"type":"branch","line":88,"loc":{"start":{"line":88,"column":54},"end":{"line":93,"column":7}},"locations":[{"start":{"line":88,"column":54},"end":{"line":93,"column":7}}]},"22":{"type":"branch","line":100,"loc":{"start":{"line":100,"column":32},"end":{"line":115,"column":3}},"locations":[{"start":{"line":100,"column":32},"end":{"line":115,"column":3}}]},"23":{"type":"branch","line":103,"loc":{"start":{"line":103,"column":32},"end":{"line":106,"column":5}},"locations":[{"start":{"line":103,"column":32},"end":{"line":106,"column":5}}]},"24":{"type":"branch","line":105,"loc":{"start":{"line":105,"column":10},"end":{"line":105,"column":37}},"locations":[{"start":{"line":105,"column":10},"end":{"line":105,"column":37}}]},"25":{"type":"branch","line":105,"loc":{"start":{"line":105,"column":37},"end":{"line":105,"column":46}},"locations":[{"start":{"line":105,"column":37},"end":{"line":105,"column":46}}]},"26":{"type":"branch","line":106,"loc":{"start":{"line":106,"column":4},"end":{"line":110,"column":18}},"locations":[{"start":{"line":106,"column":4},"end":{"line":110,"column":18}}]},"27":{"type":"branch","line":110,"loc":{"start":{"line":110,"column":11},"end":{"line":110,"column":40}},"locations":[{"start":{"line":110,"column":11},"end":{"line":110,"column":40}}]},"28":{"type":"branch","line":110,"loc":{"start":{"line":110,"column":40},"end":{"line":113,"column":5}},"locations":[{"start":{"line":110,"column":40},"end":{"line":113,"column":5}}]},"29":{"type":"branch","line":112,"loc":{"start":{"line":112,"column":34},"end":{"line":112,"column":44}},"locations":[{"start":{"line":112,"column":34},"end":{"line":112,"column":44}}]},"30":{"type":"branch","line":113,"loc":{"start":{"line":113,"column":4},"end":{"line":115,"column":3}},"locations":[{"start":{"line":113,"column":4},"end":{"line":115,"column":3}}]},"31":{"type":"branch","line":126,"loc":{"start":{"line":126,"column":7},"end":{"line":167,"column":1}},"locations":[{"start":{"line":126,"column":7},"end":{"line":167,"column":1}}]},"32":{"type":"branch","line":131,"loc":{"start":{"line":131,"column":25},"end":{"line":133,"column":3}},"locations":[{"start":{"line":131,"column":25},"end":{"line":133,"column":3}}]},"33":{"type":"branch","line":133,"loc":{"start":{"line":133,"column":2},"end":{"line":167,"column":1}},"locations":[{"start":{"line":133,"column":2},"end":{"line":167,"column":1}}]},"34":{"type":"branch","line":137,"loc":{"start":{"line":137,"column":40},"end":{"line":165,"column":3}},"locations":[{"start":{"line":137,"column":40},"end":{"line":165,"column":3}}]},"35":{"type":"branch","line":139,"loc":{"start":{"line":139,"column":15},"end":{"line":139,"column":67}},"locations":[{"start":{"line":139,"column":15},"end":{"line":139,"column":67}}]},"36":{"type":"branch","line":142,"loc":{"start":{"line":142,"column":23},"end":{"line":144,"column":5}},"locations":[{"start":{"line":142,"column":23},"end":{"line":144,"column":5}}]},"37":{"type":"branch","line":144,"loc":{"start":{"line":144,"column":4},"end":{"line":154,"column":35}},"locations":[{"start":{"line":144,"column":4},"end":{"line":154,"column":35}}]},"38":{"type":"branch","line":146,"loc":{"start":{"line":146,"column":22},"end":{"line":148,"column":5}},"locations":[{"start":{"line":146,"column":22},"end":{"line":148,"column":5}}]},"39":{"type":"branch","line":148,"loc":{"start":{"line":148,"column":4},"end":{"line":150,"column":23}},"locations":[{"start":{"line":148,"column":4},"end":{"line":150,"column":23}}]},"40":{"type":"branch","line":150,"loc":{"start":{"line":150,"column":23},"end":{"line":152,"column":5}},"locations":[{"start":{"line":150,"column":23},"end":{"line":152,"column":5}}]},"41":{"type":"branch","line":152,"loc":{"start":{"line":152,"column":4},"end":{"line":154,"column":15}},"locations":[{"start":{"line":152,"column":4},"end":{"line":154,"column":15}}]},"42":{"type":"branch","line":154,"loc":{"start":{"line":154,"column":8},"end":{"line":154,"column":35}},"locations":[{"start":{"line":154,"column":8},"end":{"line":154,"column":35}}]},"43":{"type":"branch","line":154,"loc":{"start":{"line":154,"column":35},"end":{"line":165,"column":3}},"locations":[{"start":{"line":154,"column":35},"end":{"line":165,"column":3}}]},"44":{"type":"branch","line":154,"loc":{"start":{"line":154,"column":35},"end":{"line":163,"column":5}},"locations":[{"start":{"line":154,"column":35},"end":{"line":163,"column":5}}]},"45":{"type":"branch","line":156,"loc":{"start":{"line":156,"column":18},"end":{"line":158,"column":7}},"locations":[{"start":{"line":156,"column":18},"end":{"line":158,"column":7}}]},"46":{"type":"branch","line":158,"loc":{"start":{"line":158,"column":6},"end":{"line":159,"column":36}},"locations":[{"start":{"line":158,"column":6},"end":{"line":159,"column":36}}]},"47":{"type":"branch","line":159,"loc":{"start":{"line":159,"column":36},"end":{"line":161,"column":7}},"locations":[{"start":{"line":159,"column":36},"end":{"line":161,"column":7}}]},"48":{"type":"branch","line":163,"loc":{"start":{"line":163,"column":4},"end":{"line":165,"column":3}},"locations":[{"start":{"line":163,"column":4},"end":{"line":165,"column":3}}]},"49":{"type":"branch","line":165,"loc":{"start":{"line":165,"column":2},"end":{"line":167,"column":1}},"locations":[{"start":{"line":165,"column":2},"end":{"line":167,"column":1}}]}},"b":{"0":[237],"1":[0],"2":[0],"3":[0],"4":[6],"5":[60],"6":[211],"7":[61],"8":[0],"9":[0],"10":[240],"11":[66],"12":[174],"13":[15],"14":[2],"15":[172],"16":[1],"17":[171],"18":[37],"19":[134],"20":[80],"21":[54],"22":[60],"23":[54],"24":[1],"25":[1],"26":[59],"27":[219],"28":[160],"29":[0],"30":[59],"31":[40],"32":[1],"33":[39],"34":[66],"35":[0],"36":[1],"37":[65],"38":[3],"39":[62],"40":[1],"41":[61],"42":[4],"43":[65],"44":[4],"45":[1],"46":[3],"47":[1],"48":[59],"49":[32]},"fnMap":{"0":{"name":"stepCost","decl":{"start":{"line":30,"column":7},"end":{"line":38,"column":1}},"loc":{"start":{"line":30,"column":7},"end":{"line":38,"column":1}},"line":30},"1":{"name":"reachableTiles","decl":{"start":{"line":45,"column":7},"end":{"line":117,"column":1}},"loc":{"start":{"line":45,"column":7},"end":{"line":117,"column":1}},"line":45},"2":{"name":"validatePath","decl":{"start":{"line":126,"column":7},"end":{"line":167,"column":1}},"loc":{"start":{"line":126,"column":7},"end":{"line":167,"column":1}},"line":126}},"f":{"0":237,"1":6,"2":40}}
,"/Users/joesmith/Code/bats/src/engine/systems/win.ts": {"path":"/Users/joesmith/Code/bats/src/engine/systems/win.ts","all":false,"statementMap":{"0":{"start":{"line":1,"column":0},"end":{"line":1,"column":74}},"8":{"start":{"line":9,"column":0},"end":{"line":9,"column":64}},"10":{"start":{"line":11,"column":0},"end":{"line":11,"column":41}},"11":{"start":{"line":12,"column":0},"end":{"line":12,"column":40}},"12":{"start":{"line":13,"column":0},"end":{"line":13,"column":46}},"13":{"start":{"line":14,"column":0},"end":{"line":14,"column":8}},"14":{"start":{"line":15,"column":0},"end":{"line":15,"column":32}},"15":{"start":{"line":16,"column":0},"end":{"line":16,"column":30}},"16":{"start":{"line":17,"column":0},"end":{"line":17,"column":24}},"17":{"start":{"line":18,"column":0},"end":{"line":18,"column":7}},"18":{"start":{"line":19,"column":0},"end":{"line":19,"column":50}},"19":{"start":{"line":20,"column":0},"end":{"line":20,"column":29}},"20":{"start":{"line":21,"column":0},"end":{"line":21,"column":19}},"21":{"start":{"line":22,"column":0},"end":{"line":22,"column":9}},"22":{"start":{"line":23,"column":0},"end":{"line":23,"column":26}},"23":{"start":{"line":24,"column":0},"end":{"line":24,"column":5}},"24":{"start":{"line":25,"column":0},"end":{"line":25,"column":3}},"27":{"start":{"line":28,"column":0},"end":{"line":28,"column":56}},"28":{"start":{"line":29,"column":0},"end":{"line":29,"column":47}},"29":{"start":{"line":30,"column":0},"end":{"line":30,"column":49}},"30":{"start":{"line":31,"column":0},"end":{"line":31,"column":3}},"31":{"start":{"line":32,"column":0},"end":{"line":32,"column":41}},"32":{"start":{"line":33,"column":0},"end":{"line":33,"column":33}},"33":{"start":{"line":34,"column":0},"end":{"line":34,"column":36}},"34":{"start":{"line":35,"column":0},"end":{"line":35,"column":65}},"35":{"start":{"line":36,"column":0},"end":{"line":36,"column":20}},"36":{"start":{"line":37,"column":0},"end":{"line":37,"column":5}},"37":{"start":{"line":38,"column":0},"end":{"line":38,"column":3}},"38":{"start":{"line":39,"column":0},"end":{"line":39,"column":14}},"39":{"start":{"line":40,"column":0},"end":{"line":40,"column":1}}},"s":{"0":1,"8":1,"10":119,"11":234,"12":234,"13":234,"14":234,"15":234,"16":234,"17":234,"18":4,"19":4,"20":4,"21":4,"22":4,"23":4,"24":234,"27":115,"28":119,"29":253,"30":253,"31":119,"32":227,"33":14,"34":14,"35":14,"36":14,"37":227,"38":101,"39":101},"branchMap":{"0":{"type":"branch","line":9,"loc":{"start":{"line":9,"column":7},"end":{"line":40,"column":1}},"locations":[{"start":{"line":9,"column":7},"end":{"line":40,"column":1}}]},"1":{"type":"branch","line":11,"loc":{"start":{"line":11,"column":40},"end":{"line":25,"column":3}},"locations":[{"start":{"line":11,"column":40},"end":{"line":25,"column":3}}]},"2":{"type":"branch","line":18,"loc":{"start":{"line":18,"column":6},"end":{"line":24,"column":5}},"locations":[{"start":{"line":18,"column":6},"end":{"line":24,"column":5}}]},"3":{"type":"branch","line":25,"loc":{"start":{"line":25,"column":2},"end":{"line":29,"column":46}},"locations":[{"start":{"line":25,"column":2},"end":{"line":29,"column":46}}]},"4":{"type":"branch","line":29,"loc":{"start":{"line":29,"column":46},"end":{"line":31,"column":3}},"locations":[{"start":{"line":29,"column":46},"end":{"line":31,"column":3}}]},"5":{"type":"branch","line":30,"loc":{"start":{"line":30,"column":37},"end":{"line":30,"column":47}},"locations":[{"start":{"line":30,"column":37},"end":{"line":30,"column":47}}]},"6":{"type":"branch","line":31,"loc":{"start":{"line":31,"column":2},"end":{"line":32,"column":40}},"locations":[{"start":{"line":31,"column":2},"end":{"line":32,"column":40}}]},"7":{"type":"branch","line":32,"loc":{"start":{"line":32,"column":40},"end":{"line":38,"column":3}},"locations":[{"start":{"line":32,"column":40},"end":{"line":38,"column":3}}]},"8":{"type":"branch","line":33,"loc":{"start":{"line":33,"column":17},"end":{"line":33,"column":29}},"locations":[{"start":{"line":33,"column":17},"end":{"line":33,"column":29}}]},"9":{"type":"branch","line":33,"loc":{"start":{"line":33,"column":32},"end":{"line":37,"column":5}},"locations":[{"start":{"line":33,"column":32},"end":{"line":37,"column":5}}]},"10":{"type":"branch","line":38,"loc":{"start":{"line":38,"column":2},"end":{"line":40,"column":1}},"locations":[{"start":{"line":38,"column":2},"end":{"line":40,"column":1}}]}},"b":{"0":[119],"1":[234],"2":[4],"3":[115],"4":[253],"5":[0],"6":[115],"7":[227],"8":[0],"9":[14],"10":[101]},"fnMap":{"0":{"name":"checkWinner","decl":{"start":{"line":9,"column":7},"end":{"line":40,"column":1}},"loc":{"start":{"line":9,"column":7},"end":{"line":40,"column":1}},"line":9}},"f":{"0":119}}
,"/Users/joesmith/Code/bats/src/renderer/animations.ts": {"path":"/Users/joesmith/Code/bats/src/renderer/animations.ts","all":true,"statementMap":{"1":{"start":{"line":2,"column":0},"end":{"line":2,"column":10}}},"s":{"1":0},"branchMap":{"0":{"type":"branch","line":1,"loc":{"start":{"line":1,"column":52},"end":{"line":2,"column":10}},"locations":[{"start":{"line":1,"column":52},"end":{"line":2,"column":10}}]}},"b":{"0":[1]},"fnMap":{"0":{"name":"(empty-report)","decl":{"start":{"line":1,"column":52},"end":{"line":2,"column":10}},"loc":{"start":{"line":1,"column":52},"end":{"line":2,"column":10}},"line":1}},"f":{"0":1}}
,"/Users/joesmith/Code/bats/src/renderer/canvas.ts": {"path":"/Users/joesmith/Code/bats/src/renderer/canvas.ts","all":true,"statementMap":{"1":{"start":{"line":2,"column":0},"end":{"line":2,"column":10}}},"s":{"1":0},"branchMap":{"0":{"type":"branch","line":1,"loc":{"start":{"line":1,"column":60},"end":{"line":2,"column":10}},"locations":[{"start":{"line":1,"column":60},"end":{"line":2,"column":10}}]}},"b":{"0":[1]},"fnMap":{"0":{"name":"(empty-report)","decl":{"start":{"line":1,"column":60},"end":{"line":2,"column":10}},"loc":{"start":{"line":1,"column":60},"end":{"line":2,"column":10}},"line":1}},"f":{"0":1}}
,"/Users/joesmith/Code/bats/src/renderer/hud.ts": {"path":"/Users/joesmith/Code/bats/src/renderer/hud.ts","all":true,"statementMap":{"1":{"start":{"line":2,"column":0},"end":{"line":2,"column":10}}},"s":{"1":0},"branchMap":{"0":{"type":"branch","line":1,"loc":{"start":{"line":1,"column":77},"end":{"line":2,"column":10}},"locations":[{"start":{"line":1,"column":77},"end":{"line":2,"column":10}}]}},"b":{"0":[1]},"fnMap":{"0":{"name":"(empty-report)","decl":{"start":{"line":1,"column":77},"end":{"line":2,"column":10}},"loc":{"start":{"line":1,"column":77},"end":{"line":2,"column":10}},"line":1}},"f":{"0":1}}
,"/Users/joesmith/Code/bats/src/renderer/input.ts": {"path":"/Users/joesmith/Code/bats/src/renderer/input.ts","all":true,"statementMap":{"1":{"start":{"line":2,"column":0},"end":{"line":2,"column":10}}},"s":{"1":0},"branchMap":{"0":{"type":"branch","line":1,"loc":{"start":{"line":1,"column":60},"end":{"line":2,"column":10}},"locations":[{"start":{"line":1,"column":60},"end":{"line":2,"column":10}}]}},"b":{"0":[1]},"fnMap":{"0":{"name":"(empty-report)","decl":{"start":{"line":1,"column":60},"end":{"line":2,"column":10}},"loc":{"start":{"line":1,"column":60},"end":{"line":2,"column":10}},"line":1}},"f":{"0":1}}
}
